#
# There is insufficient memory for the Java Runtime Environment to continue.
# Native memory allocation (malloc) failed to allocate 563056 bytes for Chunk::new
# Possible reasons:
#   The system is out of physical RAM or swap space
#   The process is running with CompressedOops enabled, and the Java Heap may be blocking the growth of the native heap
# Possible solutions:
#   Reduce memory load on the system
#   Increase physical memory or swap space
#   Check if swap backing store is full
#   Decrease Java heap size (-Xmx/-Xms)
#   Decrease number of Java threads
#   Decrease Java thread stack sizes (-Xss)
#   Set larger code cache with -XX:ReservedCodeCacheSize=
#   JVM is running with Unscaled Compressed Oops mode in which the Java heap is
#     placed in the first 4GB address space. The Java Heap base address is the
#     maximum limit for the native heap growth. Please use -XX:HeapBaseMinAddress
#     to set the Java Heap base and to place the Java Heap above 4GB virtual address.
# This output file may be truncated or incomplete.
#
#  Out of Memory Error (allocation.cpp:389), pid=15776, tid=0x0000000000002378
#
# JRE version: OpenJDK Runtime Environment (8.0_242-b01) (build 1.8.0_242-release-1644-b01)
# Java VM: OpenJDK 64-Bit Server VM (25.242-b01 mixed mode windows-amd64 compressed oops)
# Failed to write core dump. Minidumps are not enabled by default on client versions of Windows
#

---------------  T H R E A D  ---------------

Current thread (0x000000001772c000):  JavaThread "C2 CompilerThread1" daemon [_thread_in_native, id=9080, stack(0x0000000019f10000,0x000000001a010000)]

Stack: [0x0000000019f10000,0x000000001a010000]
[error occurred during error reporting (printing stack bounds), id 0xc0000005]

Native frames: (J=compiled Java code, j=interpreted, Vv=VM code, C=native code)


Current CompileTask:
C2:   5115 3962   !   4       java.util.jar.Attributes::read (380 bytes)


---------------  P R O C E S S  ---------------

Java Threads: ( => current thread )
  0x000000001cad9000 JavaThread "Cache worker for Build Output Cleanup Cache (D:\Eshtery\.gradle\buildOutputCleanup)" [_thread_blocked, id=17652, stack(0x000000002a6a0000,0x000000002a7a0000)]
  0x000000001cadd800 JavaThread "jar transforms Thread 92" [_thread_blocked, id=16100, stack(0x000000002a230000,0x000000002a330000)]
  0x000000001cad8000 JavaThread "jar transforms Thread 91" [_thread_blocked, id=16428, stack(0x000000002a130000,0x000000002a230000)]
  0x000000001cada800 JavaThread "jar transforms Thread 90" [_thread_blocked, id=12244, stack(0x000000002a030000,0x000000002a130000)]
  0x000000001cad7800 JavaThread "jar transforms Thread 89" [_thread_blocked, id=5792, stack(0x0000000029f30000,0x000000002a030000)]
  0x000000001cadc800 JavaThread "jar transforms Thread 88" [_thread_blocked, id=14232, stack(0x0000000029e30000,0x0000000029f30000)]
  0x000000001cad6800 JavaThread "jar transforms Thread 87" [_thread_blocked, id=17112, stack(0x0000000029d30000,0x0000000029e30000)]
  0x000000001cad6000 JavaThread "jar transforms Thread 86" [_thread_blocked, id=12692, stack(0x0000000029c30000,0x0000000029d30000)]
  0x000000001cad9800 JavaThread "jar transforms Thread 85" [_thread_blocked, id=18424, stack(0x0000000029b30000,0x0000000029c30000)]
  0x000000001cadb000 JavaThread "jar transforms Thread 84" [_thread_blocked, id=8412, stack(0x0000000029a30000,0x0000000029b30000)]
  0x000000001cadc000 JavaThread "jar transforms Thread 83" [_thread_blocked, id=4784, stack(0x0000000029930000,0x0000000029a30000)]
  0x000000001cace800 JavaThread "jar transforms Thread 82" [_thread_blocked, id=16008, stack(0x0000000029830000,0x0000000029930000)]
  0x000000001cad5000 JavaThread "jar transforms Thread 81" [_thread_blocked, id=5168, stack(0x0000000029730000,0x0000000029830000)]
  0x000000001cad2000 JavaThread "jar transforms Thread 80" [_thread_blocked, id=12472, stack(0x0000000029630000,0x0000000029730000)]
  0x000000001cad0800 JavaThread "jar transforms Thread 79" [_thread_blocked, id=18232, stack(0x0000000029530000,0x0000000029630000)]
  0x000000001cacf000 JavaThread "jar transforms Thread 78" [_thread_blocked, id=15916, stack(0x0000000029430000,0x0000000029530000)]
  0x000000001cad0000 JavaThread "jar transforms Thread 77" [_thread_blocked, id=6668, stack(0x0000000029330000,0x0000000029430000)]
  0x000000001cad1800 JavaThread "jar transforms Thread 76" [_thread_blocked, id=13352, stack(0x0000000029230000,0x0000000029330000)]
  0x000000001cad4800 JavaThread "jar transforms Thread 75" [_thread_blocked, id=3232, stack(0x0000000029130000,0x0000000029230000)]
  0x000000001cad3000 JavaThread "jar transforms Thread 74" [_thread_blocked, id=7460, stack(0x0000000029030000,0x0000000029130000)]
  0x000000001cad3800 JavaThread "jar transforms Thread 73" [_thread_blocked, id=19324, stack(0x0000000028f30000,0x0000000029030000)]
  0x000000001c2f4000 JavaThread "jar transforms Thread 72" [_thread_blocked, id=11652, stack(0x0000000028e30000,0x0000000028f30000)]
  0x000000001c2f3800 JavaThread "jar transforms Thread 71" [_thread_blocked, id=12680, stack(0x0000000028d30000,0x0000000028e30000)]
  0x000000001c2f2000 JavaThread "jar transforms Thread 70" [_thread_blocked, id=2380, stack(0x0000000028c30000,0x0000000028d30000)]
  0x000000001c2f2800 JavaThread "jar transforms Thread 69" [_thread_blocked, id=16244, stack(0x0000000028b30000,0x0000000028c30000)]
  0x000000001c2f5800 JavaThread "jar transforms Thread 68" [_thread_blocked, id=14068, stack(0x0000000028a30000,0x0000000028b30000)]
  0x000000001c2f1000 JavaThread "jar transforms Thread 67" [_thread_blocked, id=12900, stack(0x0000000028930000,0x0000000028a30000)]
  0x000000001c2f6800 JavaThread "jar transforms Thread 66" [_thread_blocked, id=15328, stack(0x0000000028830000,0x0000000028930000)]
  0x000000001c2f0800 JavaThread "jar transforms Thread 65" [_thread_blocked, id=18440, stack(0x0000000028730000,0x0000000028830000)]
  0x000000001c2f7000 JavaThread "jar transforms Thread 64" [_thread_blocked, id=15064, stack(0x0000000028630000,0x0000000028730000)]
  0x000000001c2f5000 JavaThread "jar transforms Thread 63" [_thread_blocked, id=3604, stack(0x0000000028530000,0x0000000028630000)]
  0x000000001c2e8800 JavaThread "jar transforms Thread 62" [_thread_blocked, id=4308, stack(0x0000000028430000,0x0000000028530000)]
  0x000000001c2ef000 JavaThread "jar transforms Thread 61" [_thread_blocked, id=19224, stack(0x0000000028330000,0x0000000028430000)]
  0x000000001c2ee000 JavaThread "jar transforms Thread 60" [_thread_blocked, id=15024, stack(0x0000000028230000,0x0000000028330000)]
  0x000000001c2ef800 JavaThread "jar transforms Thread 59" [_thread_blocked, id=15304, stack(0x0000000028130000,0x0000000028230000)]
  0x000000001c2ec800 JavaThread "jar transforms Thread 58" [_thread_blocked, id=1392, stack(0x0000000028030000,0x0000000028130000)]
  0x000000001c2eb800 JavaThread "jar transforms Thread 57" [_thread_blocked, id=10504, stack(0x0000000027f30000,0x0000000028030000)]
  0x000000001c2eb000 JavaThread "jar transforms Thread 56" [_thread_blocked, id=19312, stack(0x0000000027e30000,0x0000000027f30000)]
  0x000000001c2ed800 JavaThread "jar transforms Thread 55" [_thread_blocked, id=6276, stack(0x0000000027d30000,0x0000000027e30000)]
  0x000000001c2ea000 JavaThread "jar transforms Thread 54" [_thread_blocked, id=16072, stack(0x0000000027c30000,0x0000000027d30000)]
  0x000000001c2e8000 JavaThread "jar transforms Thread 53" [_thread_blocked, id=6836, stack(0x0000000027b30000,0x0000000027c30000)]
  0x000000001c2e9800 JavaThread "jar transforms Thread 52" [_thread_blocked, id=16516, stack(0x0000000027a30000,0x0000000027b30000)]
  0x000000001fb13800 JavaThread "jar transforms Thread 51" [_thread_blocked, id=14088, stack(0x0000000027930000,0x0000000027a30000)]
  0x000000001fb13000 JavaThread "jar transforms Thread 50" [_thread_blocked, id=14200, stack(0x0000000027830000,0x0000000027930000)]
  0x000000001fb0b800 JavaThread "jar transforms Thread 49" [_thread_blocked, id=12640, stack(0x0000000027730000,0x0000000027830000)]
  0x000000001fb0f000 JavaThread "jar transforms Thread 48" [_thread_blocked, id=9840, stack(0x0000000027630000,0x0000000027730000)]
  0x000000001fb12000 JavaThread "jar transforms Thread 47" [_thread_blocked, id=1812, stack(0x0000000027530000,0x0000000027630000)]
  0x000000001fb0e800 JavaThread "jar transforms Thread 46" [_thread_blocked, id=19116, stack(0x0000000027430000,0x0000000027530000)]
  0x000000001fb11800 JavaThread "jar transforms Thread 45" [_thread_blocked, id=11924, stack(0x0000000027330000,0x0000000027430000)]
  0x000000001fb10800 JavaThread "jar transforms Thread 44" [_thread_blocked, id=7260, stack(0x0000000027230000,0x0000000027330000)]
  0x000000001fb0d800 JavaThread "jar transforms Thread 43" [_thread_blocked, id=14544, stack(0x0000000027130000,0x0000000027230000)]
  0x000000001fb0d000 JavaThread "jar transforms Thread 42" [_thread_blocked, id=17924, stack(0x0000000027030000,0x0000000027130000)]
  0x000000001fb10000 JavaThread "jar transforms Thread 41" [_thread_blocked, id=16704, stack(0x0000000026f30000,0x0000000027030000)]
  0x000000001fb0c000 JavaThread "jar transforms Thread 40" [_thread_blocked, id=14568, stack(0x0000000026e30000,0x0000000026f30000)]
  0x000000001fb04800 JavaThread "jar transforms Thread 39" [_thread_blocked, id=12552, stack(0x0000000026d30000,0x0000000026e30000)]
  0x000000001fb07000 JavaThread "jar transforms Thread 38" [_thread_blocked, id=15016, stack(0x0000000026c30000,0x0000000026d30000)]
  0x000000001fb0a800 JavaThread "jar transforms Thread 37" [_thread_blocked, id=2616, stack(0x0000000026b30000,0x0000000026c30000)]
  0x000000001fb0a000 JavaThread "jar transforms Thread 36" [_thread_blocked, id=3024, stack(0x0000000026a30000,0x0000000026b30000)]
  0x000000001fb09000 JavaThread "jar transforms Thread 35" [_thread_blocked, id=8552, stack(0x0000000026930000,0x0000000026a30000)]
  0x000000001fb06000 JavaThread "jar transforms Thread 34" [_thread_blocked, id=17880, stack(0x0000000026830000,0x0000000026930000)]
  0x000000001fb05800 JavaThread "jar transforms Thread 33" [_thread_blocked, id=7232, stack(0x0000000026730000,0x0000000026830000)]
  0x000000001fb08800 JavaThread "jar transforms Thread 32" [_thread_blocked, id=7576, stack(0x0000000026630000,0x0000000026730000)]
  0x000000001fb07800 JavaThread "jar transforms Thread 31" [_thread_blocked, id=18416, stack(0x0000000026530000,0x0000000026630000)]
  0x000000001c542000 JavaThread "jar transforms Thread 30" [_thread_blocked, id=948, stack(0x0000000026430000,0x0000000026530000)]
  0x000000001c543800 JavaThread "jar transforms Thread 29" [_thread_blocked, id=8924, stack(0x0000000026330000,0x0000000026430000)]
  0x000000001c53d800 JavaThread "jar transforms Thread 28" [_thread_blocked, id=14408, stack(0x0000000026230000,0x0000000026330000)]
  0x000000001c542800 JavaThread "jar transforms Thread 27" [_thread_blocked, id=3936, stack(0x0000000026130000,0x0000000026230000)]
  0x000000001c53f800 JavaThread "jar transforms Thread 26" [_thread_blocked, id=3568, stack(0x0000000026030000,0x0000000026130000)]
  0x000000001c541000 JavaThread "jar transforms Thread 25" [_thread_blocked, id=10184, stack(0x0000000025f30000,0x0000000026030000)]
  0x000000001c53f000 JavaThread "jar transforms Thread 24" [_thread_blocked, id=3620, stack(0x0000000025e30000,0x0000000025f30000)]
  0x000000001c53e000 JavaThread "jar transforms Thread 23" [_thread_blocked, id=18412, stack(0x0000000025d30000,0x0000000025e30000)]
  0x000000001c540800 JavaThread "jar transforms Thread 22" [_thread_blocked, id=18592, stack(0x0000000025c30000,0x0000000025d30000)]
  0x000000001c536000 JavaThread "jar transforms Thread 21" [_thread_blocked, id=6356, stack(0x0000000025b30000,0x0000000025c30000)]
  0x000000001c53c800 JavaThread "jar transforms Thread 20" [_thread_blocked, id=13932, stack(0x0000000025a30000,0x0000000025b30000)]
  0x000000001c53c000 JavaThread "jar transforms Thread 19" [_thread_blocked, id=18036, stack(0x0000000025930000,0x0000000025a30000)]
  0x000000001c534800 JavaThread "jar transforms Thread 18" [_thread_blocked, id=924, stack(0x0000000025830000,0x0000000025930000)]
  0x000000001c535000 JavaThread "jar transforms Thread 17" [_thread_blocked, id=14760, stack(0x0000000025730000,0x0000000025830000)]
  0x000000001c537800 JavaThread "jar transforms Thread 16" [_thread_blocked, id=5516, stack(0x0000000025630000,0x0000000025730000)]
  0x000000001c53b000 JavaThread "jar transforms Thread 15" [_thread_blocked, id=13796, stack(0x0000000025530000,0x0000000025630000)]
  0x000000001c539000 JavaThread "jar transforms Thread 14" [_thread_blocked, id=11236, stack(0x0000000025430000,0x0000000025530000)]
  0x000000001c53a800 JavaThread "jar transforms Thread 13" [_thread_blocked, id=18452, stack(0x0000000025330000,0x0000000025430000)]
  0x000000001c538000 JavaThread "jar transforms Thread 12" [_thread_blocked, id=19372, stack(0x0000000025230000,0x0000000025330000)]
  0x000000001c539800 JavaThread "jar transforms Thread 11" [_thread_blocked, id=12324, stack(0x0000000025130000,0x0000000025230000)]
  0x000000001c536800 JavaThread "jar transforms Thread 10" [_thread_blocked, id=15524, stack(0x0000000025030000,0x0000000025130000)]
  0x000000001bed1800 JavaThread "jar transforms Thread 9" [_thread_blocked, id=256, stack(0x0000000024f30000,0x0000000025030000)]
  0x000000001bed2000 JavaThread "jar transforms Thread 8" [_thread_blocked, id=18488, stack(0x0000000024e30000,0x0000000024f30000)]
  0x000000001bed3000 JavaThread "jar transforms Thread 7" [_thread_blocked, id=14860, stack(0x0000000024d30000,0x0000000024e30000)]
  0x000000001bed0800 JavaThread "jar transforms Thread 6" [_thread_blocked, id=14192, stack(0x0000000024c30000,0x0000000024d30000)]
  0x000000001bed0000 JavaThread "jar transforms Thread 5" [_thread_blocked, id=14012, stack(0x0000000024b30000,0x0000000024c30000)]
  0x000000001becf000 JavaThread "jar transforms Thread 4" [_thread_blocked, id=13780, stack(0x00000000240e0000,0x00000000241e0000)]
  0x000000001bece800 JavaThread "jar transforms Thread 3" [_thread_blocked, id=15768, stack(0x0000000023fe0000,0x00000000240e0000)]
  0x000000001bec6800 JavaThread "jar transforms Thread 2" [_thread_blocked, id=18460, stack(0x0000000023ee0000,0x0000000023fe0000)]
  0x000000001becd800 JavaThread "Build operations Thread 8" [_thread_blocked, id=6268, stack(0x0000000024930000,0x0000000024a30000)]
  0x000000001becc800 JavaThread "Build operations Thread 7" [_thread_blocked, id=5444, stack(0x0000000024830000,0x0000000024930000)]
  0x000000001becc000 JavaThread "Build operations Thread 6" [_thread_blocked, id=18304, stack(0x0000000024730000,0x0000000024830000)]
  0x000000001becb000 JavaThread "Build operations Thread 5" [_thread_blocked, id=13992, stack(0x0000000024630000,0x0000000024730000)]
  0x000000001bec3800 JavaThread "Build operations Thread 4" [_thread_blocked, id=11544, stack(0x0000000024530000,0x0000000024630000)]
  0x000000001bec6000 JavaThread "Build operations Thread 3" [_thread_blocked, id=14708, stack(0x0000000024430000,0x0000000024530000)]
  0x000000001beca800 JavaThread "Build operations Thread 2" [_thread_blocked, id=4588, stack(0x0000000024330000,0x0000000024430000)]
  0x000000001bec4800 JavaThread "Build operations" [_thread_blocked, id=18640, stack(0x0000000024230000,0x0000000024330000)]
  0x000000001c018800 JavaThread "Cache worker for file content cache (C:\Users\world\.gradle\caches\6.5\fileContent)" [_thread_blocked, id=8332, stack(0x0000000022810000,0x0000000022910000)]
  0x000000001c017000 JavaThread "jar transforms" [_thread_blocked, id=8896, stack(0x0000000021f20000,0x0000000022020000)]
  0x000000001c016000 JavaThread "Cache worker for execution history cache (C:\Users\world\.gradle\caches\6.5\executionHistory)" [_thread_blocked, id=12916, stack(0x0000000021e20000,0x0000000021f20000)]
  0x000000001c01c000 JavaThread "Cache worker for cache directory md-rule (C:\Users\world\.gradle\caches\6.5\md-rule)" [_thread_blocked, id=13864, stack(0x0000000021d20000,0x0000000021e20000)]
  0x000000001c01a000 JavaThread "Cache worker for cache directory md-supplier (C:\Users\world\.gradle\caches\6.5\md-supplier)" [_thread_blocked, id=9112, stack(0x00000000209d0000,0x0000000020ad0000)]
  0x000000001c01b800 JavaThread "Cache worker for checksums cache (D:\Eshtery\.gradle\checksums)" [_thread_blocked, id=14516, stack(0x00000000206d0000,0x00000000207d0000)]
  0x000000001c01d000 JavaThread "Cache worker for file hash cache (D:\Eshtery\.gradle\6.5\fileHashes)" [_thread_blocked, id=4648, stack(0x0000000022110000,0x0000000022210000)]
  0x000000001c01a800 JavaThread "Cache worker for file hash cache (C:\Users\world\.gradle\caches\6.5\fileHashes)" [_thread_blocked, id=9760, stack(0x000000001e430000,0x000000001e530000)]
  0x000000001c017800 JavaThread "File lock request listener" [_thread_in_native, id=7492, stack(0x000000001e330000,0x000000001e430000)]
  0x000000001c07a800 JavaThread "Cache worker for journal cache (C:\Users\world\.gradle\caches\journal-1)" [_thread_blocked, id=17692, stack(0x000000001e230000,0x000000001e330000)]
  0x0000000019652000 JavaThread "Thread-9" [_thread_blocked, id=18008, stack(0x000000001df30000,0x000000001e030000)]
  0x0000000019677000 JavaThread "Stdin handler" [_thread_blocked, id=17684, stack(0x000000001de30000,0x000000001df30000)]
  0x000000001a444000 JavaThread "Asynchronous log dispatcher for DefaultDaemonConnection: socket connection from /127.0.0.1:56661 to /127.0.0.1:56662" [_thread_blocked, id=10872, stack(0x000000001dd30000,0x000000001de30000)]
  0x0000000019665800 JavaThread "Daemon worker" [_thread_in_vm, id=7652, stack(0x000000001dc30000,0x000000001dd30000)]
  0x0000000019684000 JavaThread "Cancel handler" [_thread_blocked, id=8280, stack(0x000000001db30000,0x000000001dc30000)]
  0x000000001966c800 JavaThread "Handler for socket connection from /127.0.0.1:56661 to /127.0.0.1:56662" [_thread_in_native, id=16740, stack(0x000000001d830000,0x000000001d930000)]
  0x000000001be25000 JavaThread "Daemon" [_thread_blocked, id=12116, stack(0x000000001d730000,0x000000001d830000)]
  0x000000001be23800 JavaThread "Daemon periodic checks" [_thread_blocked, id=5524, stack(0x000000001d630000,0x000000001d730000)]
  0x000000001be34000 JavaThread "Incoming local TCP Connector on port 56661" [_thread_in_native, id=14604, stack(0x000000001d3f0000,0x000000001d4f0000)]
  0x000000001be1b800 JavaThread "Daemon health stats" [_thread_blocked, id=2024, stack(0x000000001cdb0000,0x000000001ceb0000)]
  0x0000000019583800 JavaThread "Service Thread" daemon [_thread_blocked, id=12724, stack(0x000000001a210000,0x000000001a310000)]
  0x0000000019559800 JavaThread "C1 CompilerThread3" daemon [_thread_blocked, id=17204, stack(0x000000001a110000,0x000000001a210000)]
  0x000000001772e000 JavaThread "C2 CompilerThread2" daemon [_thread_in_native, id=6400, stack(0x000000001a010000,0x000000001a110000)]
=>0x000000001772c000 JavaThread "C2 CompilerThread1" daemon [_thread_in_native, id=9080, stack(0x0000000019f10000,0x000000001a010000)]
  0x0000000019542800 JavaThread "C2 CompilerThread0" daemon [_thread_in_native, id=1976, stack(0x0000000019e10000,0x0000000019f10000)]
  0x0000000019541800 JavaThread "Attach Listener" daemon [_thread_blocked, id=12688, stack(0x0000000019d10000,0x0000000019e10000)]
  0x0000000019540800 JavaThread "Signal Dispatcher" daemon [_thread_blocked, id=14548, stack(0x0000000019c10000,0x0000000019d10000)]
  0x00000000026ad800 JavaThread "Finalizer" daemon [_thread_blocked, id=10360, stack(0x0000000019a10000,0x0000000019b10000)]
  0x00000000026a7000 JavaThread "Reference Handler" daemon [_thread_blocked, id=19452, stack(0x0000000019910000,0x0000000019a10000)]
  0x0000000000b5e000 JavaThread "main" [_thread_blocked, id=18376, stack(0x00000000023f0000,0x00000000024f0000)]

Other Threads:
  0x0000000017716000 VMThread [stack: 0x0000000019410000,0x0000000019510000] [id=18292]
  0x0000000019584000 WatcherThread [stack: 0x000000001a310000,0x000000001a410000] [id=4460]

VM state:not at safepoint (normal execution)

VM Mutex/Monitor currently owned by a thread: None

heap address: 0x0000000080000000, size: 2048 MB, Compressed Oops mode: 32-bit
Narrow klass base: 0x0000000000000000, Narrow klass shift: 3
Compressed class space size: 1073741824 Address: 0x0000000100000000

Heap:
 PSYoungGen      total 160768K, used 58596K [0x00000000d5580000, 0x00000000e0d00000, 0x0000000100000000)
  eden space 148480K, 32% used [0x00000000d5580000,0x00000000d8462588,0x00000000de680000)
  from space 12288K, 86% used [0x00000000de680000,0x00000000df0d6d40,0x00000000df280000)
  to   space 12800K, 0% used [0x00000000df280000,0x00000000df280000,0x00000000dff00000)
 ParOldGen       total 71168K, used 14150K [0x0000000080000000, 0x0000000084580000, 0x00000000d5580000)
  object space 71168K, 19% used [0x0000000080000000,0x0000000080dd1ae8,0x0000000084580000)
 Metaspace       used 45369K, capacity 47200K, committed 47528K, reserved 1089536K
  class space    used 6148K, capacity 6530K, committed 6576K, reserved 1048576K

Card table byte_map: [0x0000000011a70000,0x0000000011e80000] byte_map_base: 0x0000000011670000

Marking Bits: (ParMarkBitMap*) 0x000000005b24f030
 Begin Bits: [0x0000000012930000, 0x0000000014930000)
 End Bits:   [0x0000000014930000, 0x0000000016930000)

Polling page: 0x00000000005e0000

CodeCache: size=245760Kb used=13858Kb max_used=13865Kb free=231902Kb
 bounds [0x00000000026b0000, 0x0000000003450000, 0x00000000116b0000]
 total_blobs=4788 nmethods=4047 adapters=653
 compilation: enabled

Compilation events (10 events):
Event: 5.106 Thread 0x000000001772e000 nmethod 4028 0x00000000034372d0 code [0x0000000003437500, 0x0000000003437e60]
Event: 5.107 Thread 0x000000001772e000 4051 %     4       java.math.BigInteger::multiplyToLen @ 135 (216 bytes)
Event: 5.111 Thread 0x0000000019542800 nmethod 4052 0x0000000003440150 code [0x00000000034402a0, 0x0000000003440958]
Event: 5.111 Thread 0x0000000019542800 4029       4       java.lang.String::checkBounds (46 bytes)
Event: 5.111 Thread 0x0000000019542800 nmethod 4029 0x0000000003437010 code [0x0000000003437140, 0x00000000034371f8]
Event: 5.111 Thread 0x0000000019542800 4053       4       sun.security.provider.ByteArrayAccess::b2iBig64 (614 bytes)
Event: 5.111 Thread 0x000000001772e000 nmethod 4051% 0x000000000343e490 code [0x000000000343e5e0, 0x000000000343ea18]
Event: 5.111 Thread 0x000000001772e000 4030   !   4       java.lang.StringCoding::decode (120 bytes)
Event: 5.113 Thread 0x0000000019542800 nmethod 4053 0x0000000003436b10 code [0x0000000003436c60, 0x0000000003436eb8]
Event: 5.113 Thread 0x0000000019542800 4032   !   4       java.lang.StringCoding$StringDecoder::decode (179 bytes)

GC Heap History (10 events):
Event: 2.706 GC heap before
{Heap before GC invocations=7 (full 1):
 PSYoungGen      total 56832K, used 49152K [0x00000000d5580000, 0x00000000dcb80000, 0x0000000100000000)
  eden space 49152K, 100% used [0x00000000d5580000,0x00000000d8580000,0x00000000d8580000)
  from space 7680K, 0% used [0x00000000d8580000,0x00000000d8580000,0x00000000d8d00000)
  to   space 11264K, 0% used [0x00000000dc080000,0x00000000dc080000,0x00000000dcb80000)
 ParOldGen       total 71168K, used 7433K [0x0000000080000000, 0x0000000084580000, 0x00000000d5580000)
  object space 71168K, 10% used [0x0000000080000000,0x00000000807426f0,0x0000000084580000)
 Metaspace       used 25076K, capacity 25858K, committed 26160K, reserved 1071104K
  class space    used 3517K, capacity 3775K, committed 3888K, reserved 1048576K
Event: 2.714 GC heap after
Heap after GC invocations=7 (full 1):
 PSYoungGen      total 91648K, used 5424K [0x00000000d5580000, 0x00000000dc600000, 0x0000000100000000)
  eden space 86016K, 0% used [0x00000000d5580000,0x00000000d5580000,0x00000000da980000)
  from space 5632K, 96% used [0x00000000dc080000,0x00000000dc5cc3e8,0x00000000dc600000)
  to   space 11264K, 0% used [0x00000000db000000,0x00000000db000000,0x00000000dbb00000)
 ParOldGen       total 71168K, used 7441K [0x0000000080000000, 0x0000000084580000, 0x00000000d5580000)
  object space 71168K, 10% used [0x0000000080000000,0x00000000807446f0,0x0000000084580000)
 Metaspace       used 25076K, capacity 25858K, committed 26160K, reserved 1071104K
  class space    used 3517K, capacity 3775K, committed 3888K, reserved 1048576K
}
Event: 3.351 GC heap before
{Heap before GC invocations=8 (full 1):
 PSYoungGen      total 91648K, used 91440K [0x00000000d5580000, 0x00000000dc600000, 0x0000000100000000)
  eden space 86016K, 100% used [0x00000000d5580000,0x00000000da980000,0x00000000da980000)
  from space 5632K, 96% used [0x00000000dc080000,0x00000000dc5cc3e8,0x00000000dc600000)
  to   space 11264K, 0% used [0x00000000db000000,0x00000000db000000,0x00000000dbb00000)
 ParOldGen       total 71168K, used 7441K [0x0000000080000000, 0x0000000084580000, 0x00000000d5580000)
  object space 71168K, 10% used [0x0000000080000000,0x00000000807446f0,0x0000000084580000)
 Metaspace       used 33270K, capacity 34402K, committed 34608K, reserved 1079296K
  class space    used 4563K, capacity 4826K, committed 4912K, reserved 1048576K
Event: 3.359 GC heap after
Heap after GC invocations=8 (full 1):
 PSYoungGen      total 103936K, used 11063K [0x00000000d5580000, 0x00000000dff00000, 0x0000000100000000)
  eden space 92672K, 0% used [0x00000000d5580000,0x00000000d5580000,0x00000000db000000)
  from space 11264K, 98% used [0x00000000db000000,0x00000000dbacdf60,0x00000000dbb00000)
  to   space 12800K, 0% used [0x00000000df280000,0x00000000df280000,0x00000000dff00000)
 ParOldGen       total 71168K, used 7449K [0x0000000080000000, 0x0000000084580000, 0x00000000d5580000)
  object space 71168K, 10% used [0x0000000080000000,0x00000000807466f0,0x0000000084580000)
 Metaspace       used 33270K, capacity 34402K, committed 34608K, reserved 1079296K
  class space    used 4563K, capacity 4826K, committed 4912K, reserved 1048576K
}
Event: 3.497 GC heap before
{Heap before GC invocations=9 (full 1):
 PSYoungGen      total 103936K, used 35705K [0x00000000d5580000, 0x00000000dff00000, 0x0000000100000000)
  eden space 92672K, 26% used [0x00000000d5580000,0x00000000d6d906c0,0x00000000db000000)
  from space 11264K, 98% used [0x00000000db000000,0x00000000dbacdf60,0x00000000dbb00000)
  to   space 12800K, 0% used [0x00000000df280000,0x00000000df280000,0x00000000dff00000)
 ParOldGen       total 71168K, used 7449K [0x0000000080000000, 0x0000000084580000, 0x00000000d5580000)
  object space 71168K, 10% used [0x0000000080000000,0x00000000807466f0,0x0000000084580000)
 Metaspace       used 34314K, capacity 35404K, committed 35496K, reserved 1079296K
  class space    used 4728K, capacity 5003K, committed 5040K, reserved 1048576K
Event: 3.504 GC heap after
Heap after GC invocations=9 (full 1):
 PSYoungGen      total 161280K, used 7809K [0x00000000d5580000, 0x00000000e0d00000, 0x0000000100000000)
  eden space 148480K, 0% used [0x00000000d5580000,0x00000000d5580000,0x00000000de680000)
  from space 12800K, 61% used [0x00000000df280000,0x00000000dfa20778,0x00000000dff00000)
  to   space 12288K, 0% used [0x00000000de680000,0x00000000de680000,0x00000000df280000)
 ParOldGen       total 71168K, used 7457K [0x0000000080000000, 0x0000000084580000, 0x00000000d5580000)
  object space 71168K, 10% used [0x0000000080000000,0x00000000807486f0,0x0000000084580000)
 Metaspace       used 34314K, capacity 35404K, committed 35496K, reserved 1079296K
  class space    used 4728K, capacity 5003K, committed 5040K, reserved 1048576K
}
Event: 3.505 GC heap before
{Heap before GC invocations=10 (full 2):
 PSYoungGen      total 161280K, used 7809K [0x00000000d5580000, 0x00000000e0d00000, 0x0000000100000000)
  eden space 148480K, 0% used [0x00000000d5580000,0x00000000d5580000,0x00000000de680000)
  from space 12800K, 61% used [0x00000000df280000,0x00000000dfa20778,0x00000000dff00000)
  to   space 12288K, 0% used [0x00000000de680000,0x00000000de680000,0x00000000df280000)
 ParOldGen       total 71168K, used 7457K [0x0000000080000000, 0x0000000084580000, 0x00000000d5580000)
  object space 71168K, 10% used [0x0000000080000000,0x00000000807486f0,0x0000000084580000)
 Metaspace       used 34314K, capacity 35404K, committed 35496K, reserved 1079296K
  class space    used 4728K, capacity 5003K, committed 5040K, reserved 1048576K
Event: 3.599 GC heap after
Heap after GC invocations=10 (full 2):
 PSYoungGen      total 161280K, used 0K [0x00000000d5580000, 0x00000000e0d00000, 0x0000000100000000)
  eden space 148480K, 0% used [0x00000000d5580000,0x00000000d5580000,0x00000000de680000)
  from space 12800K, 0% used [0x00000000df280000,0x00000000df280000,0x00000000dff00000)
  to   space 12288K, 0% used [0x00000000de680000,0x00000000de680000,0x00000000df280000)
 ParOldGen       total 71168K, used 14142K [0x0000000080000000, 0x0000000084580000, 0x00000000d5580000)
  object space 71168K, 19% used [0x0000000080000000,0x0000000080dcfae8,0x0000000084580000)
 Metaspace       used 34314K, capacity 35404K, committed 35496K, reserved 1079296K
  class space    used 4728K, capacity 5003K, committed 5040K, reserved 1048576K
}
Event: 4.740 GC heap before
{Heap before GC invocations=11 (full 2):
 PSYoungGen      total 161280K, used 148472K [0x00000000d5580000, 0x00000000e0d00000, 0x0000000100000000)
  eden space 148480K, 99% used [0x00000000d5580000,0x00000000de67e290,0x00000000de680000)
  from space 12800K, 0% used [0x00000000df280000,0x00000000df280000,0x00000000dff00000)
  to   space 12288K, 0% used [0x00000000de680000,0x00000000de680000,0x00000000df280000)
 ParOldGen       total 71168K, used 14142K [0x0000000080000000, 0x0000000084580000, 0x00000000d5580000)
  object space 71168K, 19% used [0x0000000080000000,0x0000000080dcfae8,0x0000000084580000)
 Metaspace       used 40490K, capacity 42312K, committed 42664K, reserved 1085440K
  class space    used 5578K, capacity 5958K, committed 6064K, reserved 1048576K
Event: 4.748 GC heap after
Heap after GC invocations=11 (full 2):
 PSYoungGen      total 160768K, used 10587K [0x00000000d5580000, 0x00000000e0d00000, 0x0000000100000000)
  eden space 148480K, 0% used [0x00000000d5580000,0x00000000d5580000,0x00000000de680000)
  from space 12288K, 86% used [0x00000000de680000,0x00000000df0d6d40,0x00000000df280000)
  to   space 12800K, 0% used [0x00000000df280000,0x00000000df280000,0x00000000dff00000)
 ParOldGen       total 71168K, used 14150K [0x0000000080000000, 0x0000000084580000, 0x00000000d5580000)
  object space 71168K, 19% used [0x0000000080000000,0x0000000080dd1ae8,0x0000000084580000)
 Metaspace       used 40490K, capacity 42312K, committed 42664K, reserved 1085440K
  class space    used 5578K, capacity 5958K, committed 6064K, reserved 1048576K
}

Deoptimization events (10 events):
Event: 5.015 Thread 0x0000000019665800 Uncommon trap: reason=unstable_if action=reinterpret pc=0x0000000003387a18 method=java.util.jar.JarFile.maybeInstantiateVerifier()V @ 75
Event: 5.015 Thread 0x0000000019665800 Uncommon trap: reason=unstable_if action=reinterpret pc=0x0000000002960248 method=java.util.jar.Manifest$FastInputStream.readLine([BII)I @ 87
Event: 5.021 Thread 0x0000000019665800 Uncommon trap: reason=unstable_if action=reinterpret pc=0x000000000330e100 method=java.lang.ThreadLocal.get()Ljava/lang/Object; @ 11
Event: 5.046 Thread 0x0000000019665800 Uncommon trap: reason=unstable_if action=reinterpret pc=0x0000000002b503bc method=java.lang.CharacterDataLatin1.isWhitespace(I)Z @ 14
Event: 5.073 Thread 0x0000000019665800 Uncommon trap: reason=unstable_if action=reinterpret pc=0x00000000031b6b6c method=java.util.jar.JarFile.maybeInstantiateVerifier()V @ 4
Event: 5.073 Thread 0x0000000019665800 Uncommon trap: reason=unstable_if action=reinterpret pc=0x0000000002bba430 method=java.util.jar.JarFile.maybeInstantiateVerifier()V @ 4
Event: 5.073 Thread 0x0000000019665800 Uncommon trap: reason=unstable_if action=reinterpret pc=0x00000000030c25b0 method=java.security.CodeSource.<init>(Ljava/net/URL;[Ljava/security/CodeSigner;)V @ 25
Event: 5.074 Thread 0x0000000019665800 Uncommon trap: reason=unstable_if action=reinterpret pc=0x0000000002c506ec method=java.security.CodeSource.getCertificates()[Ljava/security/cert/Certificate; @ 22
Event: 5.075 Thread 0x0000000019665800 Uncommon trap: reason=unstable_if action=reinterpret pc=0x00000000030fd9e4 method=java.security.CodeSource.matchCerts(Ljava/security/CodeSource;Z)Z @ 11
Event: 5.091 Thread 0x0000000019665800 Uncommon trap: reason=unstable_if action=reinterpret pc=0x000000000306f534 method=java.util.LinkedHashMap.get(Ljava/lang/Object;)Ljava/lang/Object; @ 20

Classes redefined (0 events):
No events

Internal exceptions (10 events):
Event: 4.375 Thread 0x0000000019652000 Exception <a 'java/lang/NoSuchMethodError': <clinit>> (0x00000000d7e09ed8) thrown at [C:\src\AOSP-openjdk-git\hotspot\src\share\vm\prims\jni.cpp, line 1615]
Event: 4.376 Thread 0x0000000019652000 Exception <a 'java/lang/NoSuchMethodError': <clinit>> (0x00000000d7e14f88) thrown at [C:\src\AOSP-openjdk-git\hotspot\src\share\vm\prims\jni.cpp, line 1615]
Event: 4.377 Thread 0x0000000019652000 Exception <a 'java/lang/NoSuchMethodError': <clinit>> (0x00000000d7e28358) thrown at [C:\src\AOSP-openjdk-git\hotspot\src\share\vm\prims\jni.cpp, line 1615]
Event: 4.401 Thread 0x0000000019665800 Exception <a 'java/lang/ClassNotFoundException': build_a820yge8sh7obpy6ru8h93y4vBeanInfo> (0x00000000dc3e2c50) thrown at [C:\src\AOSP-openjdk-git\hotspot\src\share\vm\classfile\systemDictionary.cpp, line 210]
Event: 4.401 Thread 0x0000000019665800 Exception <a 'java/lang/ClassNotFoundException': build_a820yge8sh7obpy6ru8h93y4vCustomizer> (0x00000000dc3ee890) thrown at [C:\src\AOSP-openjdk-git\hotspot\src\share\vm\classfile\systemDictionary.cpp, line 210]
Event: 4.409 Thread 0x0000000019665800 Exception <a 'java/lang/ClassNotFoundException': org/gradle/plugin/use/internal/PluginRequestCollector$PluginDependenciesSpecImplBeanInfo> (0x00000000dc48e520) thrown at [C:\src\AOSP-openjdk-git\hotspot\src\share\vm\classfile\systemDictionary.cpp, line 21
Event: 4.410 Thread 0x0000000019665800 Exception <a 'java/lang/ClassNotFoundException': org/gradle/plugin/use/internal/PluginRequestCollector$PluginDependenciesSpecImplCustomizer> (0x00000000dc4ce460) thrown at [C:\src\AOSP-openjdk-git\hotspot\src\share\vm\classfile\systemDictionary.cpp, line 
Event: 4.436 Thread 0x0000000019665800 Exception <a 'java/lang/ClassNotFoundException': org/gradle/api/internal/plugins/DefaultObjectConfigurationActionBeanInfo> (0x00000000dc7be310) thrown at [C:\src\AOSP-openjdk-git\hotspot\src\share\vm\classfile\systemDictionary.cpp, line 210]
Event: 4.437 Thread 0x0000000019665800 Exception <a 'java/lang/ClassNotFoundException': org/gradle/api/internal/plugins/DefaultObjectConfigurationActionCustomizer> (0x00000000dc802670) thrown at [C:\src\AOSP-openjdk-git\hotspot\src\share\vm\classfile\systemDictionary.cpp, line 210]
Event: 5.021 Thread 0x0000000019665800 Implicit null exception at 0x000000000330dba8 to 0x000000000330e0e9

Events (10 events):
Event: 5.109 Thread 0x0000000019665800 DEOPT PACKING pc=0x00000000034254b1 sp=0x000000001dd26750
Event: 5.109 Thread 0x0000000019665800 DEOPT UNPACKING pc=0x00000000026f75d0 sp=0x000000001dd26490 mode 0
Event: 5.109 Thread 0x0000000019665800 DEOPT PACKING pc=0x00000000034254b1 sp=0x000000001dd26750
Event: 5.109 Thread 0x0000000019665800 DEOPT UNPACKING pc=0x00000000026f75d0 sp=0x000000001dd26490 mode 0
Event: 5.110 Thread 0x0000000019665800 DEOPT PACKING pc=0x00000000034254b1 sp=0x000000001dd26750
Event: 5.110 Thread 0x0000000019665800 DEOPT UNPACKING pc=0x00000000026f75d0 sp=0x000000001dd26490 mode 0
Event: 5.110 Thread 0x0000000019665800 DEOPT PACKING pc=0x00000000034254b1 sp=0x000000001dd26750
Event: 5.110 Thread 0x0000000019665800 DEOPT UNPACKING pc=0x00000000026f75d0 sp=0x000000001dd26490 mode 0
Event: 5.110 Thread 0x0000000019665800 DEOPT PACKING pc=0x00000000034254b1 sp=0x000000001dd26750
Event: 5.110 Thread 0x0000000019665800 DEOPT UNPACKING pc=0x00000000026f75d0 sp=0x000000001dd26490 mode 0


Dynamic libraries:
0x00007ff760220000 - 0x00007ff760251000 	C:\Program Files\Android\Android Studio\jre\bin\java.exe
0x00007ffd429c0000 - 0x00007ffd42bb0000 	C:\WINDOWS\SYSTEM32\ntdll.dll
0x00007ffd42210000 - 0x00007ffd422c2000 	C:\WINDOWS\System32\KERNEL32.DLL
0x00007ffd40110000 - 0x00007ffd403b5000 	C:\WINDOWS\System32\KERNELBASE.dll
0x00007ffd41410000 - 0x00007ffd414b3000 	C:\WINDOWS\System32\ADVAPI32.dll
0x00007ffd414d0000 - 0x00007ffd4156e000 	C:\WINDOWS\System32\msvcrt.dll
0x00007ffd42400000 - 0x00007ffd42497000 	C:\WINDOWS\System32\sechost.dll
0x00007ffd412c0000 - 0x00007ffd413df000 	C:\WINDOWS\System32\RPCRT4.dll
0x00007ffd41570000 - 0x00007ffd41704000 	C:\WINDOWS\System32\USER32.dll
0x00007ffd40a40000 - 0x00007ffd40a61000 	C:\WINDOWS\System32\win32u.dll
0x00007ffd413e0000 - 0x00007ffd41406000 	C:\WINDOWS\System32\GDI32.dll
0x00007ffd403c0000 - 0x00007ffd40558000 	C:\WINDOWS\System32\gdi32full.dll
0x00007ffd408c0000 - 0x00007ffd4095e000 	C:\WINDOWS\System32\msvcp_win.dll
0x00007ffd406b0000 - 0x00007ffd407aa000 	C:\WINDOWS\System32\ucrtbase.dll
0x00007ffd35620000 - 0x00007ffd358a4000 	C:\WINDOWS\WinSxS\amd64_microsoft.windows.common-controls_6595b64144ccf1df_6.0.18362.1316_none_9e7a364fe461dbd7\COMCTL32.dll
0x00007ffd41ed0000 - 0x00007ffd42207000 	C:\WINDOWS\System32\combase.dll
0x00007ffd40830000 - 0x00007ffd408b1000 	C:\WINDOWS\System32\bcryptPrimitives.dll
0x00007ffd41e90000 - 0x00007ffd41ebe000 	C:\WINDOWS\System32\IMM32.DLL
0x00000000594a0000 - 0x0000000059572000 	C:\Program Files\Android\Android Studio\jre\jre\bin\msvcr100.dll
0x000000005aa80000 - 0x000000005b2cb000 	C:\Program Files\Android\Android Studio\jre\jre\bin\server\jvm.dll
0x00007ffd414c0000 - 0x00007ffd414c8000 	C:\WINDOWS\System32\PSAPI.DLL
0x00007ffd35150000 - 0x00007ffd35174000 	C:\WINDOWS\SYSTEM32\WINMM.dll
0x00007ffd39ac0000 - 0x00007ffd39aca000 	C:\WINDOWS\SYSTEM32\VERSION.dll
0x00007ffd31b30000 - 0x00007ffd31b39000 	C:\WINDOWS\SYSTEM32\WSOCK32.dll
0x00007ffd42700000 - 0x00007ffd4276f000 	C:\WINDOWS\System32\WS2_32.dll
0x00007ffd34df0000 - 0x00007ffd34e1d000 	C:\WINDOWS\SYSTEM32\WINMMBASE.dll
0x00007ffd3f940000 - 0x00007ffd3f98a000 	C:\WINDOWS\System32\cfgmgr32.dll
0x00007ffd323b0000 - 0x00007ffd323bf000 	C:\Program Files\Android\Android Studio\jre\jre\bin\verify.dll
0x00007ffd11700000 - 0x00007ffd11729000 	C:\Program Files\Android\Android Studio\jre\jre\bin\java.dll
0x00007ffd145a0000 - 0x00007ffd145b6000 	C:\Program Files\Android\Android Studio\jre\jre\bin\zip.dll
0x00007ffd417a0000 - 0x00007ffd41e88000 	C:\WINDOWS\System32\SHELL32.dll
0x00007ffd42650000 - 0x00007ffd426f7000 	C:\WINDOWS\System32\shcore.dll
0x00007ffd3f990000 - 0x00007ffd4010b000 	C:\WINDOWS\System32\windows.storage.dll
0x00007ffd3f910000 - 0x00007ffd3f933000 	C:\WINDOWS\System32\profapi.dll
0x00007ffd3f8a0000 - 0x00007ffd3f8ea000 	C:\WINDOWS\System32\powrprof.dll
0x00007ffd3f870000 - 0x00007ffd3f880000 	C:\WINDOWS\System32\UMPDC.dll
0x00007ffd41740000 - 0x00007ffd41792000 	C:\WINDOWS\System32\shlwapi.dll
0x00007ffd3f8f0000 - 0x00007ffd3f901000 	C:\WINDOWS\System32\kernel.appcore.dll
0x00007ffd40810000 - 0x00007ffd40827000 	C:\WINDOWS\System32\cryptsp.dll
0x00007ffd12df0000 - 0x00007ffd12e0a000 	C:\Program Files\Android\Android Studio\jre\jre\bin\net.dll
0x00007ffd3f050000 - 0x00007ffd3f0b7000 	C:\WINDOWS\system32\mswsock.dll
0x00007ffd12cb0000 - 0x00007ffd12cc3000 	C:\Program Files\Android\Android Studio\jre\jre\bin\nio.dll
0x00007ffd3bda0000 - 0x00007ffd3bdc7000 	C:\Users\world\.gradle\native\f6784746aeab05261644944871eae4fe03e0ef1612fff0a4a95f87b438bc6780\windows-amd64\native-platform.dll
0x00007ffd323a0000 - 0x00007ffd323ad000 	C:\Program Files\Android\Android Studio\jre\jre\bin\management.dll
0x00007ffd3ebd0000 - 0x00007ffd3ec03000 	C:\WINDOWS\system32\rsaenh.dll
0x00007ffd40a10000 - 0x00007ffd40a36000 	C:\WINDOWS\System32\bcrypt.dll
0x00007ffd3f750000 - 0x00007ffd3f775000 	C:\WINDOWS\SYSTEM32\USERENV.dll
0x00007ffd3f220000 - 0x00007ffd3f22c000 	C:\WINDOWS\SYSTEM32\CRYPTBASE.dll
0x00007ffd3ed60000 - 0x00007ffd3ed9a000 	C:\WINDOWS\SYSTEM32\IPHLPAPI.DLL
0x00007ffd41710000 - 0x00007ffd41718000 	C:\WINDOWS\System32\NSI.dll
0x00007ffd38a80000 - 0x00007ffd38a96000 	C:\WINDOWS\SYSTEM32\dhcpcsvc6.DLL
0x00007ffd38bb0000 - 0x00007ffd38bcc000 	C:\WINDOWS\SYSTEM32\dhcpcsvc.DLL
0x00007ffd3eda0000 - 0x00007ffd3ee6b000 	C:\WINDOWS\SYSTEM32\DNSAPI.dll
0x00007ffd39b70000 - 0x00007ffd39b7b000 	C:\WINDOWS\SYSTEM32\WINNSI.DLL

VM Arguments:
jvm_args: -Xmx2048m -Dfile.encoding=UTF-8 -Duser.country=US -Duser.language=en -Duser.variant 
java_command: org.gradle.launcher.daemon.bootstrap.GradleDaemon 6.5
java_class_path (initial): C:\Users\world\.gradle\wrapper\dists\gradle-6.5-all\2oz4ud9k3tuxjg84bbf55q0tn\gradle-6.5\lib\gradle-launcher-6.5.jar
Launcher Type: SUN_STANDARD

Environment Variables:
PATH=C:\Program Files (x86)\Common Files\Oracle\Java\javapath;C:\Program Files\Common Files\Oracle\Java\javapath;C:\ProgramData\Oracle\Java\javapath;D:\app\world\product\11.2.0\dbhome_1\bin;c:\users\world\gcc\bin;c:\users\world\gcc\libexec\gcc\x86_64-w64-mingw32\9.1.0;C:\ActiveTcl\bin;C:\WINDOWS\system32;C:\WINDOWS;C:\WINDOWS\System32\Wbem;C:\WINDOWS\System32\WindowsPowerShell\v1.0\;C:\Program Files\dotnet\;C:\WINDOWS\System32\OpenSSH\;C:\Program Files\NVIDIA Corporation\NVIDIA NvDLISR;C:\Program Files (x86)\NVIDIA Corporation\PhysX\Common;C:\WINDOWS\system32;C:\WINDOWS;C:\WINDOWS\System32\Wbem;C:\WINDOWS\System32\WindowsPowerShell\v1.0\;C:\WINDOWS\System32\OpenSSH\;C:\Program Files (x86)\Rational\common;C:\Program Files\nodejs\;C:\Program Files\Git\cmd;C:\Users\world\AppData\Local\Microsoft\WindowsApps;C:\Users\world\AppData\Local\GitHubDesktop\bin;C:\Users\world\AppData\Roaming\npm;C:\Users\world\AppData\Local\Programs\Microsoft VS Code\bin
USERNAME=world
OS=Windows_NT
PROCESSOR_IDENTIFIER=Intel64 Family 6 Model 142 Stepping 10, GenuineIntel



---------------  S Y S T E M  ---------------

OS: Windows 10.0 , 64 bit Build 18362 (10.0.18362.1316)

CPU:total 8 (initial active 8) (4 cores per cpu, 2 threads per core) family 6 model 142 stepping 10, cmov, cx8, fxsr, mmx, sse, sse2, sse3, ssse3, sse4.1, sse4.2, popcnt, avx, avx2, aes, clmul, erms, 3dnowpref, lzcnt, ht, tsc, tscinvbit, bmi1, bmi2, adx

Memory: 4k page, physical 12412512k(3322216k free), swap 17631896k(5164k free)

vm_info: OpenJDK 64-Bit Server VM (25.242-b01) for windows-amd64 JRE (1.8.0_242-release-1644-b01), built by "builder" with MS VC++ 10.0 (VS2010)

time: Sat Mar 20 22:35:38 2021
timezone: Egypt Standard Time
elapsed time: 5 seconds (0d 0h 0m 5s)

