#
# There is insufficient memory for the Java Runtime Environment to continue.
# Native memory allocation (malloc) failed to allocate 1163376 bytes for Chunk::new
# Possible reasons:
#   The system is out of physical RAM or swap space
#   The process is running with CompressedOops enabled, and the Java Heap may be blocking the growth of the native heap
# Possible solutions:
#   Reduce memory load on the system
#   Increase physical memory or swap space
#   Check if swap backing store is full
#   Decrease Java heap size (-Xmx/-Xms)
#   Decrease number of Java threads
#   Decrease Java thread stack sizes (-Xss)
#   Set larger code cache with -XX:ReservedCodeCacheSize=
#   JVM is running with Unscaled Compressed Oops mode in which the Java heap is
#     placed in the first 4GB address space. The Java Heap base address is the
#     maximum limit for the native heap growth. Please use -XX:HeapBaseMinAddress
#     to set the Java Heap base and to place the Java Heap above 4GB virtual address.
# This output file may be truncated or incomplete.
#
#  Out of Memory Error (allocation.cpp:389), pid=18640, tid=0x00000000000034e8
#
# JRE version: OpenJDK Runtime Environment (8.0_242-b01) (build 1.8.0_242-release-1644-b01)
# Java VM: OpenJDK 64-Bit Server VM (25.242-b01 mixed mode windows-amd64 compressed oops)
# Failed to write core dump. Minidumps are not enabled by default on client versions of Windows
#

---------------  T H R E A D  ---------------

Current thread (0x00000000176bb000):  JavaThread "C2 CompilerThread1" daemon [_thread_in_native, id=13544, stack(0x0000000019e90000,0x0000000019f90000)]

Stack: [0x0000000019e90000,0x0000000019f90000]
[error occurred during error reporting (printing stack bounds), id 0xc0000005]

Native frames: (J=compiled Java code, j=interpreted, Vv=VM code, C=native code)


Current CompileTask:
C2:  22598 4601       4       java.lang.Class::privateGetMethodRecursive (130 bytes)


---------------  P R O C E S S  ---------------

Java Threads: ( => current thread )
  0x000000001a947800 JavaThread "Cache worker for Build Output Cleanup Cache (D:\Eshtery\.gradle\buildOutputCleanup)" [_thread_blocked, id=9112, stack(0x000000002a490000,0x000000002a590000)]
  0x000000001a949800 JavaThread "jar transforms Thread 92" [_thread_blocked, id=14516, stack(0x000000002a190000,0x000000002a290000)]
  0x000000001a946000 JavaThread "jar transforms Thread 91" [_thread_blocked, id=4648, stack(0x000000002a090000,0x000000002a190000)]
  0x000000001a945000 JavaThread "jar transforms Thread 90" [_thread_blocked, id=9760, stack(0x0000000029f90000,0x000000002a090000)]
  0x000000001a948000 JavaThread "jar transforms Thread 89" [_thread_blocked, id=7492, stack(0x0000000029e90000,0x0000000029f90000)]
  0x000000001a93d800 JavaThread "jar transforms Thread 88" [_thread_blocked, id=17692, stack(0x0000000029d90000,0x0000000029e90000)]
  0x000000001a944800 JavaThread "jar transforms Thread 87" [_thread_blocked, id=15136, stack(0x0000000029c90000,0x0000000029d90000)]
  0x000000001a943800 JavaThread "jar transforms Thread 86" [_thread_blocked, id=18008, stack(0x0000000029b90000,0x0000000029c90000)]
  0x000000001a943000 JavaThread "jar transforms Thread 85" [_thread_blocked, id=17684, stack(0x0000000029a90000,0x0000000029b90000)]
  0x000000001a93c000 JavaThread "jar transforms Thread 84" [_thread_blocked, id=10872, stack(0x0000000029990000,0x0000000029a90000)]
  0x000000001a942000 JavaThread "jar transforms Thread 83" [_thread_blocked, id=15132, stack(0x0000000029890000,0x0000000029990000)]
  0x000000001a93b800 JavaThread "jar transforms Thread 82" [_thread_blocked, id=16844, stack(0x0000000029790000,0x0000000029890000)]
  0x000000001a93a800 JavaThread "jar transforms Thread 81" [_thread_blocked, id=7652, stack(0x0000000029690000,0x0000000029790000)]
  0x000000001a940000 JavaThread "jar transforms Thread 80" [_thread_blocked, id=8280, stack(0x0000000029590000,0x0000000029690000)]
  0x000000001a941800 JavaThread "jar transforms Thread 79" [_thread_blocked, id=16740, stack(0x0000000029490000,0x0000000029590000)]
  0x000000001a940800 JavaThread "jar transforms Thread 78" [_thread_blocked, id=12116, stack(0x0000000029390000,0x0000000029490000)]
  0x000000001a93f000 JavaThread "jar transforms Thread 77" [_thread_blocked, id=5524, stack(0x0000000029290000,0x0000000029390000)]
  0x000000001a93e800 JavaThread "jar transforms Thread 76" [_thread_blocked, id=14604, stack(0x0000000029190000,0x0000000029290000)]
  0x000000001a93d000 JavaThread "jar transforms Thread 75" [_thread_blocked, id=18716, stack(0x0000000029090000,0x0000000029190000)]
  0x000000001b893000 JavaThread "jar transforms Thread 74" [_thread_blocked, id=5656, stack(0x0000000028f90000,0x0000000029090000)]
  0x000000001b890800 JavaThread "jar transforms Thread 73" [_thread_blocked, id=2024, stack(0x0000000028e90000,0x0000000028f90000)]
  0x000000001b893800 JavaThread "jar transforms Thread 72" [_thread_blocked, id=17096, stack(0x0000000028d90000,0x0000000028e90000)]
  0x000000001b892000 JavaThread "jar transforms Thread 71" [_thread_blocked, id=4460, stack(0x0000000028c90000,0x0000000028d90000)]
  0x000000001b894800 JavaThread "jar transforms Thread 70" [_thread_blocked, id=12724, stack(0x0000000028b90000,0x0000000028c90000)]
  0x000000001b897800 JavaThread "jar transforms Thread 69" [_thread_blocked, id=17204, stack(0x0000000028a90000,0x0000000028b90000)]
  0x000000001b896800 JavaThread "jar transforms Thread 68" [_thread_blocked, id=6400, stack(0x0000000028990000,0x0000000028a90000)]
  0x000000001b891800 JavaThread "jar transforms Thread 67" [_thread_blocked, id=9080, stack(0x0000000028890000,0x0000000028990000)]
  0x000000001b895000 JavaThread "jar transforms Thread 66" [_thread_blocked, id=1976, stack(0x0000000028790000,0x0000000028890000)]
  0x000000001b896000 JavaThread "jar transforms Thread 65" [_thread_blocked, id=12688, stack(0x0000000028690000,0x0000000028790000)]
  0x000000001b889000 JavaThread "jar transforms Thread 64" [_thread_blocked, id=14548, stack(0x0000000028590000,0x0000000028690000)]
  0x000000001b890000 JavaThread "jar transforms Thread 63" [_thread_blocked, id=10360, stack(0x0000000028490000,0x0000000028590000)]
  0x000000001b88b800 JavaThread "jar transforms Thread 62" [_thread_blocked, id=19452, stack(0x0000000028390000,0x0000000028490000)]
  0x000000001b888000 JavaThread "jar transforms Thread 61" [_thread_blocked, id=18292, stack(0x0000000028290000,0x0000000028390000)]
  0x000000001b88f000 JavaThread "jar transforms Thread 60" [_thread_blocked, id=17040, stack(0x0000000028190000,0x0000000028290000)]
  0x000000001b88a800 JavaThread "jar transforms Thread 59" [_thread_blocked, id=4224, stack(0x0000000028090000,0x0000000028190000)]
  0x000000001b88c000 JavaThread "jar transforms Thread 58" [_thread_blocked, id=19000, stack(0x0000000027f90000,0x0000000028090000)]
  0x000000001b88e800 JavaThread "jar transforms Thread 57" [_thread_blocked, id=14476, stack(0x0000000027e90000,0x0000000027f90000)]
  0x000000001b88d800 JavaThread "jar transforms Thread 56" [_thread_blocked, id=16284, stack(0x0000000027d90000,0x0000000027e90000)]
  0x000000001b88a000 JavaThread "jar transforms Thread 55" [_thread_blocked, id=13464, stack(0x0000000027c90000,0x0000000027d90000)]
  0x000000001b88d000 JavaThread "jar transforms Thread 54" [_thread_blocked, id=7520, stack(0x0000000027b90000,0x0000000027c90000)]
  0x000000001b0c1000 JavaThread "jar transforms Thread 53" [_thread_blocked, id=19268, stack(0x0000000027a90000,0x0000000027b90000)]
  0x000000001b0be000 JavaThread "jar transforms Thread 52" [_thread_blocked, id=18376, stack(0x0000000027990000,0x0000000027a90000)]
  0x000000001b0bb800 JavaThread "jar transforms Thread 51" [_thread_blocked, id=1612, stack(0x0000000027890000,0x0000000027990000)]
  0x000000001b0bf800 JavaThread "jar transforms Thread 50" [_thread_blocked, id=5796, stack(0x0000000027790000,0x0000000027890000)]
  0x000000001b0bd000 JavaThread "jar transforms Thread 49" [_thread_blocked, id=15956, stack(0x0000000027690000,0x0000000027790000)]
  0x000000001b0c0000 JavaThread "jar transforms Thread 48" [_thread_blocked, id=3172, stack(0x0000000027590000,0x0000000027690000)]
  0x000000001b0be800 JavaThread "jar transforms Thread 47" [_thread_blocked, id=17964, stack(0x0000000027490000,0x0000000027590000)]
  0x000000001b0bc800 JavaThread "jar transforms Thread 46" [_thread_blocked, id=16340, stack(0x0000000027390000,0x0000000027490000)]
  0x000000001b0b4000 JavaThread "jar transforms Thread 45" [_thread_blocked, id=8144, stack(0x0000000027290000,0x0000000027390000)]
  0x000000001b0bb000 JavaThread "jar transforms Thread 44" [_thread_blocked, id=14596, stack(0x0000000027190000,0x0000000027290000)]
  0x000000001b0b3800 JavaThread "jar transforms Thread 43" [_thread_blocked, id=16316, stack(0x0000000027090000,0x0000000027190000)]
  0x000000001b0ba000 JavaThread "jar transforms Thread 42" [_thread_blocked, id=18932, stack(0x0000000026f90000,0x0000000027090000)]
  0x000000001b0b2800 JavaThread "jar transforms Thread 41" [_thread_blocked, id=12656, stack(0x0000000026e90000,0x0000000026f90000)]
  0x000000001b0b8800 JavaThread "jar transforms Thread 40" [_thread_blocked, id=19320, stack(0x0000000026d90000,0x0000000026e90000)]
  0x000000001b0b9800 JavaThread "jar transforms Thread 39" [_thread_blocked, id=7244, stack(0x0000000026c90000,0x0000000026d90000)]
  0x000000001b0b2000 JavaThread "jar transforms Thread 38" [_thread_blocked, id=3512, stack(0x0000000026b90000,0x0000000026c90000)]
  0x000000001b0b8000 JavaThread "jar transforms Thread 37" [_thread_blocked, id=7876, stack(0x0000000026a90000,0x0000000026b90000)]
  0x000000001b0b5800 JavaThread "jar transforms Thread 36" [_thread_blocked, id=17672, stack(0x0000000026990000,0x0000000026a90000)]
  0x000000001b0b6800 JavaThread "jar transforms Thread 35" [_thread_blocked, id=14820, stack(0x0000000026890000,0x0000000026990000)]
  0x000000001b0b5000 JavaThread "jar transforms Thread 34" [_thread_blocked, id=3548, stack(0x0000000026790000,0x0000000026890000)]
  0x000000001b0b7000 JavaThread "jar transforms Thread 33" [_thread_blocked, id=17736, stack(0x0000000026690000,0x0000000026790000)]
  0x000000001c5f3800 JavaThread "jar transforms Thread 32" [_thread_blocked, id=19084, stack(0x0000000026590000,0x0000000026690000)]
  0x000000001c5f3000 JavaThread "jar transforms Thread 31" [_thread_blocked, id=17312, stack(0x0000000026490000,0x0000000026590000)]
  0x000000001c5f1800 JavaThread "jar transforms Thread 30" [_thread_blocked, id=16544, stack(0x0000000026390000,0x0000000026490000)]
  0x000000001c5f0800 JavaThread "jar transforms Thread 29" [_thread_blocked, id=9456, stack(0x0000000026290000,0x0000000026390000)]
  0x000000001c5f0000 JavaThread "jar transforms Thread 28" [_thread_blocked, id=13460, stack(0x0000000026190000,0x0000000026290000)]
  0x000000001c5f2000 JavaThread "jar transforms Thread 27" [_thread_blocked, id=13232, stack(0x0000000026090000,0x0000000026190000)]
  0x000000001c5e8000 JavaThread "jar transforms Thread 26" [_thread_blocked, id=15652, stack(0x0000000025f90000,0x0000000026090000)]
  0x000000001c5ef000 JavaThread "jar transforms Thread 25" [_thread_blocked, id=10572, stack(0x0000000025e90000,0x0000000025f90000)]
  0x000000001c5e7800 JavaThread "jar transforms Thread 24" [_thread_blocked, id=9516, stack(0x0000000025d90000,0x0000000025e90000)]
  0x000000001c5ee800 JavaThread "jar transforms Thread 23" [_thread_blocked, id=17728, stack(0x0000000025c90000,0x0000000025d90000)]
  0x000000001c5e6800 JavaThread "jar transforms Thread 22" [_thread_blocked, id=5460, stack(0x0000000025b90000,0x0000000025c90000)]
  0x000000001c5ed800 JavaThread "jar transforms Thread 21" [_thread_blocked, id=16588, stack(0x0000000025a90000,0x0000000025b90000)]
  0x000000001c5ed000 JavaThread "jar transforms Thread 20" [_thread_blocked, id=2572, stack(0x0000000025990000,0x0000000025a90000)]
  0x000000001c5e6000 JavaThread "jar transforms Thread 19" [_thread_blocked, id=13216, stack(0x0000000025890000,0x0000000025990000)]
  0x000000001c5ec000 JavaThread "jar transforms Thread 18" [_thread_blocked, id=7336, stack(0x0000000025790000,0x0000000025890000)]
  0x000000001c5e5000 JavaThread "jar transforms Thread 17" [_thread_blocked, id=17236, stack(0x0000000025690000,0x0000000025790000)]
  0x000000001c5eb000 JavaThread "jar transforms Thread 16" [_thread_blocked, id=980, stack(0x0000000025590000,0x0000000025690000)]
  0x000000001c5e9800 JavaThread "jar transforms Thread 15" [_thread_blocked, id=2056, stack(0x0000000025490000,0x0000000025590000)]
  0x000000001c5ea800 JavaThread "jar transforms Thread 14" [_thread_blocked, id=11056, stack(0x0000000025390000,0x0000000025490000)]
  0x000000001c5e9000 JavaThread "jar transforms Thread 13" [_thread_blocked, id=16688, stack(0x0000000025290000,0x0000000025390000)]
  0x000000001c5e4800 JavaThread "jar transforms Thread 12" [_thread_blocked, id=17440, stack(0x0000000025190000,0x0000000025290000)]
  0x000000001c227000 JavaThread "jar transforms Thread 11" [_thread_blocked, id=8248, stack(0x0000000025090000,0x0000000025190000)]
  0x000000001c222000 JavaThread "jar transforms Thread 10" [_thread_blocked, id=11072, stack(0x0000000024f90000,0x0000000025090000)]
  0x000000001c221800 JavaThread "jar transforms Thread 9" [_thread_blocked, id=1736, stack(0x0000000024e90000,0x0000000024f90000)]
  0x000000001c226000 JavaThread "jar transforms Thread 8" [_thread_blocked, id=18940, stack(0x0000000024d90000,0x0000000024e90000)]
  0x000000001c225800 JavaThread "jar transforms Thread 7" [_thread_blocked, id=15776, stack(0x0000000024c90000,0x0000000024d90000)]
  0x000000001c223800 JavaThread "jar transforms Thread 6" [_thread_blocked, id=2856, stack(0x0000000024b90000,0x0000000024c90000)]
  0x000000001c223000 JavaThread "jar transforms Thread 5" [_thread_blocked, id=14260, stack(0x0000000024a90000,0x0000000024b90000)]
  0x000000001c224800 JavaThread "jar transforms Thread 4" [_thread_blocked, id=16972, stack(0x0000000024990000,0x0000000024a90000)]
  0x000000001c228800 JavaThread "jar transforms Thread 3" [_thread_blocked, id=2392, stack(0x0000000024890000,0x0000000024990000)]
  0x000000001c227800 JavaThread "jar transforms Thread 2" [_thread_blocked, id=5876, stack(0x0000000024790000,0x0000000024890000)]
  0x000000001c21a000 JavaThread "Build operations Thread 8" [_thread_blocked, id=19036, stack(0x0000000024590000,0x0000000024690000)]
  0x000000001c21a800 JavaThread "Build operations Thread 7" [_thread_blocked, id=10012, stack(0x0000000024490000,0x0000000024590000)]
  0x000000001c220800 JavaThread "Build operations Thread 6" [_thread_blocked, id=13848, stack(0x0000000024390000,0x0000000024490000)]
  0x000000001c219000 JavaThread "Build operations Thread 5" [_thread_blocked, id=18284, stack(0x0000000024290000,0x0000000024390000)]
  0x000000001c21e800 JavaThread "Build operations Thread 4" [_thread_blocked, id=452, stack(0x0000000024190000,0x0000000024290000)]
  0x000000001c21c000 JavaThread "Build operations Thread 3" [_thread_blocked, id=15200, stack(0x0000000024090000,0x0000000024190000)]
  0x000000001c21d800 JavaThread "Build operations Thread 2" [_thread_blocked, id=18580, stack(0x0000000023f90000,0x0000000024090000)]
  0x000000001c220000 JavaThread "Build operations" [_thread_blocked, id=9280, stack(0x0000000023e90000,0x0000000023f90000)]
  0x000000001c040800 JavaThread "Cache worker for file content cache (C:\Users\world\.gradle\caches\6.5\fileContent)" [_thread_blocked, id=16436, stack(0x00000000227c0000,0x00000000228c0000)]
  0x000000001c044000 JavaThread "jar transforms" [_thread_blocked, id=15216, stack(0x00000000226c0000,0x00000000227c0000)]
  0x000000001c042000 JavaThread "Cache worker for execution history cache (C:\Users\world\.gradle\caches\6.5\executionHistory)" [_thread_blocked, id=16344, stack(0x0000000021fc0000,0x00000000220c0000)]
  0x000000001c043000 JavaThread "Cache worker for cache directory md-rule (C:\Users\world\.gradle\caches\6.5\md-rule)" [_thread_blocked, id=5468, stack(0x0000000020c10000,0x0000000020d10000)]
  0x000000001c03f000 JavaThread "Cache worker for cache directory md-supplier (C:\Users\world\.gradle\caches\6.5\md-supplier)" [_thread_blocked, id=14616, stack(0x0000000020750000,0x0000000020850000)]
  0x000000001c03e800 JavaThread "Cache worker for checksums cache (D:\Eshtery\.gradle\checksums)" [_thread_blocked, id=17376, stack(0x0000000020650000,0x0000000020750000)]
  0x000000001c040000 JavaThread "Cache worker for file hash cache (D:\Eshtery\.gradle\6.5\fileHashes)" [_thread_blocked, id=17740, stack(0x0000000020900000,0x0000000020a00000)]
  0x000000001c041800 JavaThread "Cache worker for file hash cache (C:\Users\world\.gradle\caches\6.5\fileHashes)" [_thread_blocked, id=10960, stack(0x000000001e3b0000,0x000000001e4b0000)]
  0x000000001c03d800 JavaThread "File lock request listener" [_thread_in_native, id=11824, stack(0x000000001e2b0000,0x000000001e3b0000)]
  0x000000001a4cb800 JavaThread "Cache worker for journal cache (C:\Users\world\.gradle\caches\journal-1)" [_thread_blocked, id=9148, stack(0x000000001e1b0000,0x000000001e2b0000)]
  0x000000001c01a000 JavaThread "Thread-9" [_thread_blocked, id=2144, stack(0x000000001deb0000,0x000000001dfb0000)]
  0x000000001c017800 JavaThread "Stdin handler" [_thread_blocked, id=18624, stack(0x000000001ddb0000,0x000000001deb0000)]
  0x000000001c07f000 JavaThread "Asynchronous log dispatcher for DefaultDaemonConnection: socket connection from /127.0.0.1:56603 to /127.0.0.1:56604" [_thread_blocked, id=14748, stack(0x000000001dcb0000,0x000000001ddb0000)]
  0x000000001a747800 JavaThread "Daemon worker" [_thread_in_Java, id=5708, stack(0x000000001dbb0000,0x000000001dcb0000)]
  0x000000001a747000 JavaThread "Cancel handler" [_thread_blocked, id=8452, stack(0x000000001dab0000,0x000000001dbb0000)]
  0x000000001c009000 JavaThread "Handler for socket connection from /127.0.0.1:56603 to /127.0.0.1:56604" [_thread_in_native, id=13692, stack(0x000000001d7b0000,0x000000001d8b0000)]
  0x000000001bffe800 JavaThread "Daemon" [_thread_blocked, id=11576, stack(0x000000001d6b0000,0x000000001d7b0000)]
  0x000000001bfff000 JavaThread "Daemon periodic checks" [_thread_blocked, id=14848, stack(0x000000001d5b0000,0x000000001d6b0000)]
  0x000000001bf6f800 JavaThread "Incoming local TCP Connector on port 56603" [_thread_in_native, id=4056, stack(0x000000001d370000,0x000000001d470000)]
  0x000000001bec9800 JavaThread "Daemon health stats" [_thread_blocked, id=12684, stack(0x000000001cd30000,0x000000001ce30000)]
  0x000000001955d000 JavaThread "Service Thread" daemon [_thread_blocked, id=11180, stack(0x000000001a190000,0x000000001a290000)]
  0x00000000194cd800 JavaThread "C1 CompilerThread3" daemon [_thread_blocked, id=17072, stack(0x000000001a090000,0x000000001a190000)]
  0x00000000176bd800 JavaThread "C2 CompilerThread2" daemon [_thread_in_native, id=10460, stack(0x0000000019f90000,0x000000001a090000)]
=>0x00000000176bb000 JavaThread "C2 CompilerThread1" daemon [_thread_in_native, id=13544, stack(0x0000000019e90000,0x0000000019f90000)]
  0x00000000194c2800 JavaThread "C2 CompilerThread0" daemon [_thread_in_native, id=10608, stack(0x0000000019d90000,0x0000000019e90000)]
  0x00000000194c1800 JavaThread "Attach Listener" daemon [_thread_blocked, id=2604, stack(0x0000000019c90000,0x0000000019d90000)]
  0x00000000194c0800 JavaThread "Signal Dispatcher" daemon [_thread_blocked, id=15656, stack(0x0000000019b90000,0x0000000019c90000)]
  0x000000000263d800 JavaThread "Finalizer" daemon [_thread_blocked, id=12672, stack(0x0000000019990000,0x0000000019a90000)]
  0x0000000002637000 JavaThread "Reference Handler" daemon [_thread_blocked, id=3400, stack(0x0000000019890000,0x0000000019990000)]
  0x000000000253e000 JavaThread "main" [_thread_blocked, id=19332, stack(0x00000000023b0000,0x00000000024b0000)]

Other Threads:
  0x00000000176a6000 VMThread [stack: 0x0000000019390000,0x0000000019490000] [id=15632]
  0x000000001955e000 WatcherThread [stack: 0x000000001a290000,0x000000001a390000] [id=13260]

VM state:not at safepoint (normal execution)

VM Mutex/Monitor currently owned by a thread: None

heap address: 0x0000000080000000, size: 2048 MB, Compressed Oops mode: 32-bit
Narrow klass base: 0x0000000000000000, Narrow klass shift: 3
Compressed class space size: 1073741824 Address: 0x0000000100000000

Heap:
 PSYoungGen      total 160256K, used 20081K [0x00000000d5580000, 0x00000000e0680000, 0x0000000100000000)
  eden space 147968K, 5% used [0x00000000d5580000,0x00000000d5d1f180,0x00000000de600000)
  from space 12288K, 99% used [0x00000000df600000,0x00000000e01fd300,0x00000000e0200000)
  to   space 16384K, 0% used [0x00000000de600000,0x00000000de600000,0x00000000df600000)
 ParOldGen       total 120320K, used 22541K [0x0000000080000000, 0x0000000087580000, 0x00000000d5580000)
  object space 120320K, 18% used [0x0000000080000000,0x0000000081603690,0x0000000087580000)
 Metaspace       used 50862K, capacity 52958K, committed 53160K, reserved 1095680K
  class space    used 6810K, capacity 7225K, committed 7344K, reserved 1048576K

Card table byte_map: [0x0000000011a00000,0x0000000011e10000] byte_map_base: 0x0000000011600000

Marking Bits: (ParMarkBitMap*) 0x000000005b24f030
 Begin Bits: [0x00000000128c0000, 0x00000000148c0000)
 End Bits:   [0x00000000148c0000, 0x00000000168c0000)

Polling page: 0x0000000000740000

CodeCache: size=245760Kb used=14436Kb max_used=14439Kb free=231324Kb
 bounds [0x0000000002640000, 0x0000000003470000, 0x0000000011640000]
 total_blobs=4978 nmethods=4216 adapters=674
 compilation: enabled

Compilation events (10 events):
Event: 22.499 Thread 0x00000000194cd800 4643       1       com.google.common.collect.RegularImmutableList::internalArrayStart (2 bytes)
Event: 22.499 Thread 0x00000000194cd800 nmethod 4643 0x0000000002bec650 code [0x0000000002bec7a0, 0x0000000002bec8b0]
Event: 22.499 Thread 0x00000000194cd800 4644       1       com.google.common.collect.RegularImmutableList::internalArrayEnd (5 bytes)
Event: 22.499 Thread 0x00000000194cd800 nmethod 4644 0x0000000002bec350 code [0x0000000002bec4a0, 0x0000000002bec5b0]
Event: 22.500 Thread 0x00000000194cd800 4645       1       java.lang.invoke.DirectMethodHandle$Special::isInvokeSpecial (2 bytes)
Event: 22.500 Thread 0x00000000194cd800 nmethod 4645 0x0000000003163390 code [0x00000000031634e0, 0x00000000031635f0]
Event: 22.522 Thread 0x00000000194cd800 4646       3       java.security.PermissionCollection::<init> (5 bytes)
Event: 22.522 Thread 0x00000000194cd800 nmethod 4646 0x00000000030bef10 code [0x00000000030bf060, 0x00000000030bf210]
Event: 22.527 Thread 0x00000000194cd800 4647       3       sun.misc.URLClassPath::findResource (47 bytes)
Event: 22.527 Thread 0x00000000194cd800 nmethod 4647 0x00000000030be810 code [0x00000000030be9a0, 0x00000000030bed68]

GC Heap History (10 events):
Event: 3.843 GC heap before
{Heap before GC invocations=8 (full 1):
 PSYoungGen      total 83456K, used 83306K [0x00000000d5580000, 0x00000000dc600000, 0x0000000100000000)
  eden space 77824K, 100% used [0x00000000d5580000,0x00000000da180000,0x00000000da180000)
  from space 5632K, 97% used [0x00000000dc080000,0x00000000dc5da8f8,0x00000000dc600000)
  to   space 11264K, 0% used [0x00000000db000000,0x00000000db000000,0x00000000dbb00000)
 ParOldGen       total 78336K, used 7446K [0x0000000080000000, 0x0000000084c80000, 0x00000000d5580000)
  object space 78336K, 9% used [0x0000000080000000,0x0000000080745900,0x0000000084c80000)
 Metaspace       used 32730K, capacity 33702K, committed 33968K, reserved 1079296K
  class space    used 4474K, capacity 4719K, committed 4784K, reserved 1048576K
Event: 3.851 GC heap after
Heap after GC invocations=8 (full 1):
 PSYoungGen      total 103936K, used 10392K [0x00000000d5580000, 0x00000000de300000, 0x0000000100000000)
  eden space 92672K, 0% used [0x00000000d5580000,0x00000000d5580000,0x00000000db000000)
  from space 11264K, 92% used [0x00000000db000000,0x00000000dba263e8,0x00000000dbb00000)
  to   space 12288K, 0% used [0x00000000dd700000,0x00000000dd700000,0x00000000de300000)
 ParOldGen       total 78336K, used 7454K [0x0000000080000000, 0x0000000084c80000, 0x00000000d5580000)
  object space 78336K, 9% used [0x0000000080000000,0x0000000080747900,0x0000000084c80000)
 Metaspace       used 32730K, capacity 33702K, committed 33968K, reserved 1079296K
  class space    used 4474K, capacity 4719K, committed 4784K, reserved 1048576K
}
Event: 8.545 GC heap before
{Heap before GC invocations=9 (full 1):
 PSYoungGen      total 103936K, used 42072K [0x00000000d5580000, 0x00000000de300000, 0x0000000100000000)
  eden space 92672K, 34% used [0x00000000d5580000,0x00000000d746fc58,0x00000000db000000)
  from space 11264K, 92% used [0x00000000db000000,0x00000000dba263e8,0x00000000dbb00000)
  to   space 12288K, 0% used [0x00000000dd700000,0x00000000dd700000,0x00000000de300000)
 ParOldGen       total 78336K, used 7454K [0x0000000080000000, 0x0000000084c80000, 0x00000000d5580000)
  object space 78336K, 9% used [0x0000000080000000,0x0000000080747900,0x0000000084c80000)
 Metaspace       used 34334K, capacity 35416K, committed 35496K, reserved 1079296K
  class space    used 4726K, capacity 5003K, committed 5040K, reserved 1048576K
Event: 8.550 GC heap after
Heap after GC invocations=9 (full 1):
 PSYoungGen      total 132608K, used 8223K [0x00000000d5580000, 0x00000000df300000, 0x0000000100000000)
  eden space 120320K, 0% used [0x00000000d5580000,0x00000000d5580000,0x00000000dcb00000)
  from space 12288K, 66% used [0x00000000dd700000,0x00000000ddf07d30,0x00000000de300000)
  to   space 12288K, 0% used [0x00000000dcb00000,0x00000000dcb00000,0x00000000dd700000)
 ParOldGen       total 78336K, used 7462K [0x0000000080000000, 0x0000000084c80000, 0x00000000d5580000)
  object space 78336K, 9% used [0x0000000080000000,0x0000000080749900,0x0000000084c80000)
 Metaspace       used 34334K, capacity 35416K, committed 35496K, reserved 1079296K
  class space    used 4726K, capacity 5003K, committed 5040K, reserved 1048576K
}
Event: 8.550 GC heap before
{Heap before GC invocations=10 (full 2):
 PSYoungGen      total 132608K, used 8223K [0x00000000d5580000, 0x00000000df300000, 0x0000000100000000)
  eden space 120320K, 0% used [0x00000000d5580000,0x00000000d5580000,0x00000000dcb00000)
  from space 12288K, 66% used [0x00000000dd700000,0x00000000ddf07d30,0x00000000de300000)
  to   space 12288K, 0% used [0x00000000dcb00000,0x00000000dcb00000,0x00000000dd700000)
 ParOldGen       total 78336K, used 7462K [0x0000000080000000, 0x0000000084c80000, 0x00000000d5580000)
  object space 78336K, 9% used [0x0000000080000000,0x0000000080749900,0x0000000084c80000)
 Metaspace       used 34334K, capacity 35416K, committed 35496K, reserved 1079296K
  class space    used 4726K, capacity 5003K, committed 5040K, reserved 1048576K
Event: 8.636 GC heap after
Heap after GC invocations=10 (full 2):
 PSYoungGen      total 132608K, used 0K [0x00000000d5580000, 0x00000000df300000, 0x0000000100000000)
  eden space 120320K, 0% used [0x00000000d5580000,0x00000000d5580000,0x00000000dcb00000)
  from space 12288K, 0% used [0x00000000dd700000,0x00000000dd700000,0x00000000de300000)
  to   space 12288K, 0% used [0x00000000dcb00000,0x00000000dcb00000,0x00000000dd700000)
 ParOldGen       total 120320K, used 14503K [0x0000000080000000, 0x0000000087580000, 0x00000000d5580000)
  object space 120320K, 12% used [0x0000000080000000,0x0000000080e29c78,0x0000000087580000)
 Metaspace       used 34334K, capacity 35416K, committed 35496K, reserved 1079296K
  class space    used 4726K, capacity 5003K, committed 5040K, reserved 1048576K
}
Event: 17.927 GC heap before
{Heap before GC invocations=11 (full 2):
 PSYoungGen      total 132608K, used 120320K [0x00000000d5580000, 0x00000000df300000, 0x0000000100000000)
  eden space 120320K, 100% used [0x00000000d5580000,0x00000000dcb00000,0x00000000dcb00000)
  from space 12288K, 0% used [0x00000000dd700000,0x00000000dd700000,0x00000000de300000)
  to   space 12288K, 0% used [0x00000000dcb00000,0x00000000dcb00000,0x00000000dd700000)
 ParOldGen       total 120320K, used 14503K [0x0000000080000000, 0x0000000087580000, 0x00000000d5580000)
  object space 120320K, 12% used [0x0000000080000000,0x0000000080e29c78,0x0000000087580000)
 Metaspace       used 39471K, capacity 41290K, committed 41512K, reserved 1085440K
  class space    used 5451K, capacity 5829K, committed 5936K, reserved 1048576K
Event: 17.954 GC heap after
Heap after GC invocations=11 (full 2):
 PSYoungGen      total 132608K, used 9415K [0x00000000d5580000, 0x00000000e0200000, 0x0000000100000000)
  eden space 120320K, 0% used [0x00000000d5580000,0x00000000d5580000,0x00000000dcb00000)
  from space 12288K, 76% used [0x00000000dcb00000,0x00000000dd431fd8,0x00000000dd700000)
  to   space 12288K, 0% used [0x00000000df600000,0x00000000df600000,0x00000000e0200000)
 ParOldGen       total 120320K, used 14511K [0x0000000080000000, 0x0000000087580000, 0x00000000d5580000)
  object space 120320K, 12% used [0x0000000080000000,0x0000000080e2bc78,0x0000000087580000)
 Metaspace       used 39471K, capacity 41290K, committed 41512K, reserved 1085440K
  class space    used 5451K, capacity 5829K, committed 5936K, reserved 1048576K
}
Event: 22.459 GC heap before
{Heap before GC invocations=12 (full 2):
 PSYoungGen      total 132608K, used 129735K [0x00000000d5580000, 0x00000000e0200000, 0x0000000100000000)
  eden space 120320K, 100% used [0x00000000d5580000,0x00000000dcb00000,0x00000000dcb00000)
  from space 12288K, 76% used [0x00000000dcb00000,0x00000000dd431fd8,0x00000000dd700000)
  to   space 12288K, 0% used [0x00000000df600000,0x00000000df600000,0x00000000e0200000)
 ParOldGen       total 120320K, used 14511K [0x0000000080000000, 0x0000000087580000, 0x00000000d5580000)
  object space 120320K, 12% used [0x0000000080000000,0x0000000080e2bc78,0x0000000087580000)
 Metaspace       used 50686K, capacity 52812K, committed 53160K, reserved 1095680K
  class space    used 6786K, capacity 7222K, committed 7344K, reserved 1048576K
Event: 22.473 GC heap after
Heap after GC invocations=12 (full 2):
 PSYoungGen      total 160256K, used 12276K [0x00000000d5580000, 0x00000000e0680000, 0x0000000100000000)
  eden space 147968K, 0% used [0x00000000d5580000,0x00000000d5580000,0x00000000de600000)
  from space 12288K, 99% used [0x00000000df600000,0x00000000e01fd300,0x00000000e0200000)
  to   space 16384K, 0% used [0x00000000de600000,0x00000000de600000,0x00000000df600000)
 ParOldGen       total 120320K, used 22541K [0x0000000080000000, 0x0000000087580000, 0x00000000d5580000)
  object space 120320K, 18% used [0x0000000080000000,0x0000000081603690,0x0000000087580000)
 Metaspace       used 50686K, capacity 52812K, committed 53160K, reserved 1095680K
  class space    used 6786K, capacity 7222K, committed 7344K, reserved 1048576K
}

Deoptimization events (10 events):
Event: 21.160 Thread 0x000000001a747800 Uncommon trap: reason=unstable_if action=reinterpret pc=0x0000000002fffb34 method=java.util.LinkedHashMap.get(Ljava/lang/Object;)Ljava/lang/Object; @ 20
Event: 21.277 Thread 0x000000001a747800 Uncommon trap: reason=bimorphic action=maybe_recompile pc=0x0000000003210fcc method=java.util.regex.Pattern$CharProperty.match(Ljava/util/regex/Matcher;ILjava/lang/CharSequence;)Z @ 18
Event: 21.277 Thread 0x000000001a747800 Uncommon trap: reason=bimorphic action=maybe_recompile pc=0x0000000003210fcc method=java.util.regex.Pattern$CharProperty.match(Ljava/util/regex/Matcher;ILjava/lang/CharSequence;)Z @ 18
Event: 21.277 Thread 0x000000001a747800 Uncommon trap: reason=bimorphic action=maybe_recompile pc=0x0000000003210fcc method=java.util.regex.Pattern$CharProperty.match(Ljava/util/regex/Matcher;ILjava/lang/CharSequence;)Z @ 18
Event: 21.289 Thread 0x000000001a747800 Uncommon trap: reason=bimorphic action=maybe_recompile pc=0x0000000003210fcc method=java.util.regex.Pattern$CharProperty.match(Ljava/util/regex/Matcher;ILjava/lang/CharSequence;)Z @ 18
Event: 21.423 Thread 0x000000001a747800 Uncommon trap: reason=unstable_if action=reinterpret pc=0x000000000304c7b0 method=org.gradle.internal.reflect.PropertyAccessorType.of(Ljava/lang/reflect/Method;)Lorg/gradle/internal/reflect/PropertyAccessorType; @ 56
Event: 22.068 Thread 0x000000001a747800 Uncommon trap: reason=unstable_if action=reinterpret pc=0x00000000033acb74 method=com.sun.org.apache.xerces.internal.impl.XMLEntityScanner.checkBeforeLoad(Lcom/sun/xml/internal/stream/Entity$ScannedEntity;II)I @ 18
Event: 22.150 Thread 0x000000001a747800 Uncommon trap: reason=unstable_if action=reinterpret pc=0x00000000027565b0 method=org.gradle.internal.instantiation.generator.AbstractClassGenerator$InjectionAnnotationValidator.validateMethod(Ljava/lang/reflect/Method;Lorg/gradle/internal/reflect/Propert
Event: 22.150 Thread 0x000000001a747800 Uncommon trap: reason=unstable_if action=reinterpret pc=0x00000000027789c8 method=org.gradle.internal.instantiation.generator.AbstractClassGenerator$InjectionAnnotationValidator.validateMethod(Ljava/lang/reflect/Method;Lorg/gradle/internal/reflect/Propert
Event: 22.418 Thread 0x000000001a747800 Uncommon trap: reason=null_check action=make_not_entrant pc=0x0000000002df0850 method=java.lang.Class.searchMethods([Ljava/lang/reflect/Method;Ljava/lang/String;[Ljava/lang/Class;)Ljava/lang/reflect/Method; @ 59

Classes redefined (0 events):
No events

Internal exceptions (10 events):
Event: 22.485 Thread 0x000000001a747800 Exception <a 'java/lang/ClassNotFoundException': build_a820yge8sh7obpy6ru8h93y4v$_run_closure1BeanInfo> (0x00000000d55faa08) thrown at [C:\src\AOSP-openjdk-git\hotspot\src\share\vm\classfile\systemDictionary.cpp, line 210]
Event: 22.486 Thread 0x000000001a747800 Exception <a 'java/lang/ClassNotFoundException': build_a820yge8sh7obpy6ru8h93y4v$_run_closure1Customizer> (0x00000000d560b770) thrown at [C:\src\AOSP-openjdk-git\hotspot\src\share\vm\classfile\systemDictionary.cpp, line 210]
Event: 22.489 Thread 0x000000001a747800 Exception <a 'java/lang/ClassNotFoundException': org/gradle/api/JavaVersionBeanInfo> (0x00000000d5676ef0) thrown at [C:\src\AOSP-openjdk-git\hotspot\src\share\vm\classfile\systemDictionary.cpp, line 210]
Event: 22.489 Thread 0x000000001a747800 Exception <a 'java/lang/ClassNotFoundException': java/lang/EnumBeanInfo> (0x00000000d5680d40) thrown at [C:\src\AOSP-openjdk-git\hotspot\src\share\vm\classfile\systemDictionary.cpp, line 210]
Event: 22.489 Thread 0x000000001a747800 Exception <a 'java/lang/ClassNotFoundException': java/lang/EnumCustomizer> (0x00000000d568afe8) thrown at [C:\src\AOSP-openjdk-git\hotspot\src\share\vm\classfile\systemDictionary.cpp, line 210]
Event: 22.490 Thread 0x000000001a747800 Exception <a 'java/lang/ClassNotFoundException': org/gradle/api/JavaVersionCustomizer> (0x00000000d56c0020) thrown at [C:\src\AOSP-openjdk-git\hotspot\src\share\vm\classfile\systemDictionary.cpp, line 210]
Event: 22.492 Thread 0x000000001a747800 Exception <a 'java/lang/ClassNotFoundException': com/android/build/gradle/internal/CompileOptions_DecoratedBeanInfo> (0x00000000d57204a0) thrown at [C:\src\AOSP-openjdk-git\hotspot\src\share\vm\classfile\systemDictionary.cpp, line 210]
Event: 22.492 Thread 0x000000001a747800 Exception <a 'java/lang/ClassNotFoundException': com/android/build/gradle/internal/CompileOptionsBeanInfo> (0x00000000d573b6e0) thrown at [C:\src\AOSP-openjdk-git\hotspot\src\share\vm\classfile\systemDictionary.cpp, line 210]
Event: 22.493 Thread 0x000000001a747800 Exception <a 'java/lang/ClassNotFoundException': com/android/build/gradle/internal/CompileOptionsCustomizer> (0x00000000d5756b18) thrown at [C:\src\AOSP-openjdk-git\hotspot\src\share\vm\classfile\systemDictionary.cpp, line 210]
Event: 22.493 Thread 0x000000001a747800 Exception <a 'java/lang/ClassNotFoundException': com/android/build/gradle/internal/CompileOptions_DecoratedCustomizer> (0x00000000d5787160) thrown at [C:\src\AOSP-openjdk-git\hotspot\src\share\vm\classfile\systemDictionary.cpp, line 210]

Events (10 events):
Event: 22.524 loading class com/android/sdklib/AndroidVersion$AndroidVersionException
Event: 22.524 loading class com/android/sdklib/AndroidVersion$AndroidVersionException done
Event: 22.525 loading class org/gradle/api/plugins/JavaPlugin
Event: 22.525 loading class org/gradle/api/plugins/JavaPlugin done
Event: 22.525 loading class org/gradle/api/plugins/JavaPlugin
Event: 22.525 loading class org/gradle/api/plugins/JavaPlugin done
Event: 22.527 loading class org/gradle/api/ProjectState
Event: 22.527 loading class org/gradle/api/ProjectState done
Event: 22.528 loading class com/google/wireless/android/sdk/stats/GradleBuildSplits$1
Event: 22.528 loading class com/google/wireless/android/sdk/stats/GradleBuildSplits$1 done


Dynamic libraries:
0x00007ff760220000 - 0x00007ff760251000 	C:\Program Files\Android\Android Studio\jre\bin\java.exe
0x00007ffd429c0000 - 0x00007ffd42bb0000 	C:\WINDOWS\SYSTEM32\ntdll.dll
0x00007ffd42210000 - 0x00007ffd422c2000 	C:\WINDOWS\System32\KERNEL32.DLL
0x00007ffd40110000 - 0x00007ffd403b5000 	C:\WINDOWS\System32\KERNELBASE.dll
0x00007ffd41410000 - 0x00007ffd414b3000 	C:\WINDOWS\System32\ADVAPI32.dll
0x00007ffd414d0000 - 0x00007ffd4156e000 	C:\WINDOWS\System32\msvcrt.dll
0x00007ffd42400000 - 0x00007ffd42497000 	C:\WINDOWS\System32\sechost.dll
0x00007ffd412c0000 - 0x00007ffd413df000 	C:\WINDOWS\System32\RPCRT4.dll
0x00007ffd41570000 - 0x00007ffd41704000 	C:\WINDOWS\System32\USER32.dll
0x00007ffd40a40000 - 0x00007ffd40a61000 	C:\WINDOWS\System32\win32u.dll
0x00007ffd413e0000 - 0x00007ffd41406000 	C:\WINDOWS\System32\GDI32.dll
0x00007ffd403c0000 - 0x00007ffd40558000 	C:\WINDOWS\System32\gdi32full.dll
0x00007ffd408c0000 - 0x00007ffd4095e000 	C:\WINDOWS\System32\msvcp_win.dll
0x00007ffd406b0000 - 0x00007ffd407aa000 	C:\WINDOWS\System32\ucrtbase.dll
0x00007ffd35620000 - 0x00007ffd358a4000 	C:\WINDOWS\WinSxS\amd64_microsoft.windows.common-controls_6595b64144ccf1df_6.0.18362.1316_none_9e7a364fe461dbd7\COMCTL32.dll
0x00007ffd41ed0000 - 0x00007ffd42207000 	C:\WINDOWS\System32\combase.dll
0x00007ffd40830000 - 0x00007ffd408b1000 	C:\WINDOWS\System32\bcryptPrimitives.dll
0x00007ffd41e90000 - 0x00007ffd41ebe000 	C:\WINDOWS\System32\IMM32.DLL
0x00000000594a0000 - 0x0000000059572000 	C:\Program Files\Android\Android Studio\jre\jre\bin\msvcr100.dll
0x000000005aa80000 - 0x000000005b2cb000 	C:\Program Files\Android\Android Studio\jre\jre\bin\server\jvm.dll
0x00007ffd414c0000 - 0x00007ffd414c8000 	C:\WINDOWS\System32\PSAPI.DLL
0x00007ffd39ac0000 - 0x00007ffd39aca000 	C:\WINDOWS\SYSTEM32\VERSION.dll
0x00007ffd35150000 - 0x00007ffd35174000 	C:\WINDOWS\SYSTEM32\WINMM.dll
0x00007ffd31b30000 - 0x00007ffd31b39000 	C:\WINDOWS\SYSTEM32\WSOCK32.dll
0x00007ffd42700000 - 0x00007ffd4276f000 	C:\WINDOWS\System32\WS2_32.dll
0x00007ffd34df0000 - 0x00007ffd34e1d000 	C:\WINDOWS\SYSTEM32\WINMMBASE.dll
0x00007ffd3f940000 - 0x00007ffd3f98a000 	C:\WINDOWS\System32\cfgmgr32.dll
0x00007ffd323b0000 - 0x00007ffd323bf000 	C:\Program Files\Android\Android Studio\jre\jre\bin\verify.dll
0x00007ffd11700000 - 0x00007ffd11729000 	C:\Program Files\Android\Android Studio\jre\jre\bin\java.dll
0x00007ffd145a0000 - 0x00007ffd145b6000 	C:\Program Files\Android\Android Studio\jre\jre\bin\zip.dll
0x00007ffd417a0000 - 0x00007ffd41e88000 	C:\WINDOWS\System32\SHELL32.dll
0x00007ffd42650000 - 0x00007ffd426f7000 	C:\WINDOWS\System32\shcore.dll
0x00007ffd3f990000 - 0x00007ffd4010b000 	C:\WINDOWS\System32\windows.storage.dll
0x00007ffd3f910000 - 0x00007ffd3f933000 	C:\WINDOWS\System32\profapi.dll
0x00007ffd3f8a0000 - 0x00007ffd3f8ea000 	C:\WINDOWS\System32\powrprof.dll
0x00007ffd3f870000 - 0x00007ffd3f880000 	C:\WINDOWS\System32\UMPDC.dll
0x00007ffd41740000 - 0x00007ffd41792000 	C:\WINDOWS\System32\shlwapi.dll
0x00007ffd3f8f0000 - 0x00007ffd3f901000 	C:\WINDOWS\System32\kernel.appcore.dll
0x00007ffd40810000 - 0x00007ffd40827000 	C:\WINDOWS\System32\cryptsp.dll
0x00007ffd12df0000 - 0x00007ffd12e0a000 	C:\Program Files\Android\Android Studio\jre\jre\bin\net.dll
0x00007ffd3f050000 - 0x00007ffd3f0b7000 	C:\WINDOWS\system32\mswsock.dll
0x00007ffd12cb0000 - 0x00007ffd12cc3000 	C:\Program Files\Android\Android Studio\jre\jre\bin\nio.dll
0x00007ffd3bda0000 - 0x00007ffd3bdc7000 	C:\Users\world\.gradle\native\f6784746aeab05261644944871eae4fe03e0ef1612fff0a4a95f87b438bc6780\windows-amd64\native-platform.dll
0x00007ffd323a0000 - 0x00007ffd323ad000 	C:\Program Files\Android\Android Studio\jre\jre\bin\management.dll
0x00007ffd3ebd0000 - 0x00007ffd3ec03000 	C:\WINDOWS\system32\rsaenh.dll
0x00007ffd40a10000 - 0x00007ffd40a36000 	C:\WINDOWS\System32\bcrypt.dll
0x00007ffd3f750000 - 0x00007ffd3f775000 	C:\WINDOWS\SYSTEM32\USERENV.dll
0x00007ffd3f220000 - 0x00007ffd3f22c000 	C:\WINDOWS\SYSTEM32\CRYPTBASE.dll
0x00007ffd3ed60000 - 0x00007ffd3ed9a000 	C:\WINDOWS\SYSTEM32\IPHLPAPI.DLL
0x00007ffd41710000 - 0x00007ffd41718000 	C:\WINDOWS\System32\NSI.dll
0x00007ffd38a80000 - 0x00007ffd38a96000 	C:\WINDOWS\SYSTEM32\dhcpcsvc6.DLL
0x00007ffd38bb0000 - 0x00007ffd38bcc000 	C:\WINDOWS\SYSTEM32\dhcpcsvc.DLL
0x00007ffd3eda0000 - 0x00007ffd3ee6b000 	C:\WINDOWS\SYSTEM32\DNSAPI.dll
0x00007ffd39b70000 - 0x00007ffd39b7b000 	C:\WINDOWS\SYSTEM32\WINNSI.DLL

VM Arguments:
jvm_args: -Xmx2048m -Dfile.encoding=UTF-8 -Duser.country=US -Duser.language=en -Duser.variant 
java_command: org.gradle.launcher.daemon.bootstrap.GradleDaemon 6.5
java_class_path (initial): C:\Users\world\.gradle\wrapper\dists\gradle-6.5-all\2oz4ud9k3tuxjg84bbf55q0tn\gradle-6.5\lib\gradle-launcher-6.5.jar
Launcher Type: SUN_STANDARD

Environment Variables:
PATH=C:\Program Files (x86)\Common Files\Oracle\Java\javapath;C:\Program Files\Common Files\Oracle\Java\javapath;C:\ProgramData\Oracle\Java\javapath;D:\app\world\product\11.2.0\dbhome_1\bin;c:\users\world\gcc\bin;c:\users\world\gcc\libexec\gcc\x86_64-w64-mingw32\9.1.0;C:\ActiveTcl\bin;C:\WINDOWS\system32;C:\WINDOWS;C:\WINDOWS\System32\Wbem;C:\WINDOWS\System32\WindowsPowerShell\v1.0\;C:\Program Files\dotnet\;C:\WINDOWS\System32\OpenSSH\;C:\Program Files\NVIDIA Corporation\NVIDIA NvDLISR;C:\Program Files (x86)\NVIDIA Corporation\PhysX\Common;C:\WINDOWS\system32;C:\WINDOWS;C:\WINDOWS\System32\Wbem;C:\WINDOWS\System32\WindowsPowerShell\v1.0\;C:\WINDOWS\System32\OpenSSH\;C:\Program Files (x86)\Rational\common;C:\Program Files\nodejs\;C:\Program Files\Git\cmd;C:\Users\world\AppData\Local\Microsoft\WindowsApps;C:\Users\world\AppData\Local\GitHubDesktop\bin;C:\Users\world\AppData\Roaming\npm;C:\Users\world\AppData\Local\Programs\Microsoft VS Code\bin
USERNAME=world
OS=Windows_NT
PROCESSOR_IDENTIFIER=Intel64 Family 6 Model 142 Stepping 10, GenuineIntel



---------------  S Y S T E M  ---------------

OS: Windows 10.0 , 64 bit Build 18362 (10.0.18362.1316)

CPU:total 8 (initial active 8) (4 cores per cpu, 2 threads per core) family 6 model 142 stepping 10, cmov, cx8, fxsr, mmx, sse, sse2, sse3, ssse3, sse4.1, sse4.2, popcnt, avx, avx2, aes, clmul, erms, 3dnowpref, lzcnt, ht, tsc, tscinvbit, bmi1, bmi2, adx

Memory: 4k page, physical 12412512k(3397104k free), swap 17631896k(4200k free)

vm_info: OpenJDK 64-Bit Server VM (25.242-b01) for windows-amd64 JRE (1.8.0_242-release-1644-b01), built by "builder" with MS VC++ 10.0 (VS2010)

time: Sat Mar 20 22:34:04 2021
timezone: Egypt Standard Time
elapsed time: 22 seconds (0d 0h 0m 22s)

