#
# There is insufficient memory for the Java Runtime Environment to continue.
# Native memory allocation (malloc) failed to allocate 589056 bytes for Chunk::new
# Possible reasons:
#   The system is out of physical RAM or swap space
#   The process is running with CompressedOops enabled, and the Java Heap may be blocking the growth of the native heap
# Possible solutions:
#   Reduce memory load on the system
#   Increase physical memory or swap space
#   Check if swap backing store is full
#   Decrease Java heap size (-Xmx/-Xms)
#   Decrease number of Java threads
#   Decrease Java thread stack sizes (-Xss)
#   Set larger code cache with -XX:ReservedCodeCacheSize=
#   JVM is running with Unscaled Compressed Oops mode in which the Java heap is
#     placed in the first 4GB address space. The Java Heap base address is the
#     maximum limit for the native heap growth. Please use -XX:HeapBaseMinAddress
#     to set the Java Heap base and to place the Java Heap above 4GB virtual address.
# This output file may be truncated or incomplete.
#
#  Out of Memory Error (allocation.cpp:389), pid=5676, tid=0x000000000000035c
#
# JRE version: OpenJDK Runtime Environment (8.0_242-b01) (build 1.8.0_242-release-1644-b01)
# Java VM: OpenJDK 64-Bit Server VM (25.242-b01 mixed mode windows-amd64 compressed oops)
# Failed to write core dump. Minidumps are not enabled by default on client versions of Windows
#

---------------  T H R E A D  ---------------

Current thread (0x00000000178cc000):  JavaThread "C2 CompilerThread1" daemon [_thread_in_native, id=860, stack(0x000000001a090000,0x000000001a190000)]

Stack: [0x000000001a090000,0x000000001a190000]
[error occurred during error reporting (printing stack bounds), id 0xc0000005]

Native frames: (J=compiled Java code, j=interpreted, Vv=VM code, C=native code)


Current CompileTask:
C2:   4844 3913       4       org.objectweb.asm.SymbolTable::addConstantMemberReference (147 bytes)


---------------  P R O C E S S  ---------------

Java Threads: ( => current thread )
  0x00000000212ac800 JavaThread "Cache worker for Build Output Cleanup Cache (D:\Eshtery\.gradle\buildOutputCleanup)" [_thread_blocked, id=19196, stack(0x000000002a9f0000,0x000000002aaf0000)]
  0x00000000212ac000 JavaThread "jar transforms Thread 92" [_thread_blocked, id=10396, stack(0x000000002a420000,0x000000002a520000)]
  0x00000000212b1000 JavaThread "jar transforms Thread 91" [_thread_blocked, id=7944, stack(0x000000002a320000,0x000000002a420000)]
  0x00000000212af000 JavaThread "jar transforms Thread 90" [_thread_blocked, id=17788, stack(0x000000002a220000,0x000000002a320000)]
  0x00000000212b0800 JavaThread "jar transforms Thread 89" [_thread_blocked, id=10880, stack(0x000000002a120000,0x000000002a220000)]
  0x00000000212b2800 JavaThread "jar transforms Thread 88" [_thread_blocked, id=14432, stack(0x000000002a020000,0x000000002a120000)]
  0x00000000212ad800 JavaThread "jar transforms Thread 87" [_thread_blocked, id=14420, stack(0x0000000029f20000,0x000000002a020000)]
  0x00000000212ae000 JavaThread "jar transforms Thread 86" [_thread_blocked, id=12568, stack(0x0000000029e20000,0x0000000029f20000)]
  0x00000000212a6800 JavaThread "jar transforms Thread 85" [_thread_blocked, id=16212, stack(0x0000000029d20000,0x0000000029e20000)]
  0x00000000212a4800 JavaThread "jar transforms Thread 84" [_thread_blocked, id=8868, stack(0x0000000029c20000,0x0000000029d20000)]
  0x00000000212a9000 JavaThread "jar transforms Thread 83" [_thread_blocked, id=6748, stack(0x0000000029b20000,0x0000000029c20000)]
  0x00000000212ab000 JavaThread "jar transforms Thread 82" [_thread_blocked, id=3680, stack(0x0000000029a20000,0x0000000029b20000)]
  0x00000000212a8000 JavaThread "jar transforms Thread 81" [_thread_blocked, id=17832, stack(0x0000000029920000,0x0000000029a20000)]
  0x00000000212a9800 JavaThread "jar transforms Thread 80" [_thread_blocked, id=7408, stack(0x0000000029820000,0x0000000029920000)]
  0x00000000212aa800 JavaThread "jar transforms Thread 79" [_thread_blocked, id=5264, stack(0x0000000029720000,0x0000000029820000)]
  0x00000000212a6000 JavaThread "jar transforms Thread 78" [_thread_blocked, id=15384, stack(0x0000000029620000,0x0000000029720000)]
  0x00000000212a5000 JavaThread "jar transforms Thread 77" [_thread_blocked, id=17820, stack(0x0000000029520000,0x0000000029620000)]
  0x00000000212a3800 JavaThread "jar transforms Thread 76" [_thread_blocked, id=1248, stack(0x0000000029420000,0x0000000029520000)]
  0x00000000212a7800 JavaThread "jar transforms Thread 75" [_thread_blocked, id=4584, stack(0x0000000029320000,0x0000000029420000)]
  0x0000000021491000 JavaThread "jar transforms Thread 74" [_thread_blocked, id=17608, stack(0x0000000029220000,0x0000000029320000)]
  0x0000000021498000 JavaThread "jar transforms Thread 73" [_thread_blocked, id=12720, stack(0x0000000029120000,0x0000000029220000)]
  0x0000000021497000 JavaThread "jar transforms Thread 72" [_thread_blocked, id=3888, stack(0x0000000029020000,0x0000000029120000)]
  0x0000000021496800 JavaThread "jar transforms Thread 71" [_thread_blocked, id=18012, stack(0x0000000028f20000,0x0000000029020000)]
  0x0000000021495000 JavaThread "jar transforms Thread 70" [_thread_blocked, id=15984, stack(0x0000000028e20000,0x0000000028f20000)]
  0x0000000021495800 JavaThread "jar transforms Thread 69" [_thread_blocked, id=14168, stack(0x0000000028d20000,0x0000000028e20000)]
  0x0000000021492000 JavaThread "jar transforms Thread 68" [_thread_blocked, id=17048, stack(0x0000000028c20000,0x0000000028d20000)]
  0x0000000021490800 JavaThread "jar transforms Thread 67" [_thread_blocked, id=17068, stack(0x0000000028b20000,0x0000000028c20000)]
  0x0000000021492800 JavaThread "jar transforms Thread 66" [_thread_blocked, id=4852, stack(0x0000000028a20000,0x0000000028b20000)]
  0x0000000021493800 JavaThread "jar transforms Thread 65" [_thread_blocked, id=18980, stack(0x0000000028920000,0x0000000028a20000)]
  0x0000000021494000 JavaThread "jar transforms Thread 64" [_thread_blocked, id=2128, stack(0x0000000028820000,0x0000000028920000)]
  0x0000000021488800 JavaThread "jar transforms Thread 63" [_thread_blocked, id=644, stack(0x0000000028720000,0x0000000028820000)]
  0x000000002148e800 JavaThread "jar transforms Thread 62" [_thread_blocked, id=6584, stack(0x0000000028620000,0x0000000028720000)]
  0x000000002148f800 JavaThread "jar transforms Thread 61" [_thread_blocked, id=13052, stack(0x0000000028520000,0x0000000028620000)]
  0x000000002148d000 JavaThread "jar transforms Thread 60" [_thread_blocked, id=8856, stack(0x0000000028420000,0x0000000028520000)]
  0x000000002148c800 JavaThread "jar transforms Thread 59" [_thread_blocked, id=14124, stack(0x0000000028320000,0x0000000028420000)]
  0x0000000021489800 JavaThread "jar transforms Thread 58" [_thread_blocked, id=7368, stack(0x0000000028220000,0x0000000028320000)]
  0x000000002148b800 JavaThread "jar transforms Thread 57" [_thread_blocked, id=3864, stack(0x0000000028120000,0x0000000028220000)]
  0x000000002148a000 JavaThread "jar transforms Thread 56" [_thread_blocked, id=17968, stack(0x0000000028020000,0x0000000028120000)]
  0x000000002148e000 JavaThread "jar transforms Thread 55" [_thread_blocked, id=17592, stack(0x0000000027f20000,0x0000000028020000)]
  0x000000002148b000 JavaThread "jar transforms Thread 54" [_thread_blocked, id=6960, stack(0x0000000027e20000,0x0000000027f20000)]
  0x000000001f05c800 JavaThread "jar transforms Thread 53" [_thread_blocked, id=10376, stack(0x0000000027d20000,0x0000000027e20000)]
  0x000000001f05c000 JavaThread "jar transforms Thread 52" [_thread_blocked, id=14916, stack(0x0000000027c20000,0x0000000027d20000)]
  0x000000001f05b000 JavaThread "jar transforms Thread 51" [_thread_blocked, id=13520, stack(0x0000000027b20000,0x0000000027c20000)]
  0x000000001f05a800 JavaThread "jar transforms Thread 50" [_thread_blocked, id=11312, stack(0x0000000027a20000,0x0000000027b20000)]
  0x000000001f059800 JavaThread "jar transforms Thread 49" [_thread_blocked, id=1796, stack(0x0000000027920000,0x0000000027a20000)]
  0x000000001f05d800 JavaThread "jar transforms Thread 48" [_thread_blocked, id=19368, stack(0x0000000027820000,0x0000000027920000)]
  0x000000001f059000 JavaThread "jar transforms Thread 47" [_thread_blocked, id=11388, stack(0x0000000027720000,0x0000000027820000)]
  0x000000001f058000 JavaThread "jar transforms Thread 46" [_thread_blocked, id=18100, stack(0x0000000027620000,0x0000000027720000)]
  0x000000001f057800 JavaThread "jar transforms Thread 45" [_thread_blocked, id=9628, stack(0x0000000027520000,0x0000000027620000)]
  0x000000001f050000 JavaThread "jar transforms Thread 44" [_thread_blocked, id=8684, stack(0x0000000027420000,0x0000000027520000)]
  0x000000001f056800 JavaThread "jar transforms Thread 43" [_thread_blocked, id=7164, stack(0x0000000027320000,0x0000000027420000)]
  0x000000001f051800 JavaThread "jar transforms Thread 42" [_thread_blocked, id=14296, stack(0x0000000027220000,0x0000000027320000)]
  0x000000001f04f000 JavaThread "jar transforms Thread 41" [_thread_blocked, id=5608, stack(0x0000000027120000,0x0000000027220000)]
  0x000000001f056000 JavaThread "jar transforms Thread 40" [_thread_blocked, id=18160, stack(0x0000000027020000,0x0000000027120000)]
  0x000000001f054800 JavaThread "jar transforms Thread 39" [_thread_blocked, id=10468, stack(0x0000000026f20000,0x0000000027020000)]
  0x000000001f053000 JavaThread "jar transforms Thread 38" [_thread_blocked, id=12048, stack(0x0000000026e20000,0x0000000026f20000)]
  0x000000001f050800 JavaThread "jar transforms Thread 37" [_thread_blocked, id=18048, stack(0x0000000026d20000,0x0000000026e20000)]
  0x000000001f053800 JavaThread "jar transforms Thread 36" [_thread_blocked, id=16204, stack(0x0000000026c20000,0x0000000026d20000)]
  0x000000001f04e800 JavaThread "jar transforms Thread 35" [_thread_blocked, id=11016, stack(0x0000000026b20000,0x0000000026c20000)]
  0x000000001f052000 JavaThread "jar transforms Thread 34" [_thread_blocked, id=7040, stack(0x0000000026a20000,0x0000000026b20000)]
  0x000000001f055000 JavaThread "jar transforms Thread 33" [_thread_blocked, id=7384, stack(0x0000000026920000,0x0000000026a20000)]
  0x0000000020155000 JavaThread "jar transforms Thread 32" [_thread_blocked, id=14716, stack(0x0000000026820000,0x0000000026920000)]
  0x0000000020152000 JavaThread "jar transforms Thread 31" [_thread_blocked, id=14904, stack(0x0000000026720000,0x0000000026820000)]
  0x0000000020154000 JavaThread "jar transforms Thread 30" [_thread_blocked, id=2988, stack(0x0000000026620000,0x0000000026720000)]
  0x0000000020152800 JavaThread "jar transforms Thread 29" [_thread_blocked, id=16524, stack(0x0000000026260000,0x0000000026360000)]
  0x0000000020151000 JavaThread "jar transforms Thread 28" [_thread_blocked, id=7776, stack(0x0000000026520000,0x0000000026620000)]
  0x0000000020150800 JavaThread "jar transforms Thread 27" [_thread_blocked, id=6804, stack(0x0000000026420000,0x0000000026520000)]
  0x0000000020156800 JavaThread "jar transforms Thread 26" [_thread_blocked, id=5564, stack(0x0000000026160000,0x0000000026260000)]
  0x0000000020153800 JavaThread "jar transforms Thread 25" [_thread_blocked, id=15232, stack(0x0000000026060000,0x0000000026160000)]
  0x000000002014f800 JavaThread "jar transforms Thread 24" [_thread_blocked, id=11488, stack(0x0000000025f60000,0x0000000026060000)]
  0x0000000020155800 JavaThread "jar transforms Thread 23" [_thread_blocked, id=19348, stack(0x0000000025e60000,0x0000000025f60000)]
  0x0000000020148000 JavaThread "jar transforms Thread 22" [_thread_blocked, id=16484, stack(0x0000000025d60000,0x0000000025e60000)]
  0x000000002014f000 JavaThread "jar transforms Thread 21" [_thread_blocked, id=19316, stack(0x0000000025c60000,0x0000000025d60000)]
  0x0000000020147800 JavaThread "jar transforms Thread 20" [_thread_blocked, id=7572, stack(0x0000000025b60000,0x0000000025c60000)]
  0x000000002014e000 JavaThread "jar transforms Thread 19" [_thread_blocked, id=1292, stack(0x0000000025a60000,0x0000000025b60000)]
  0x000000002014d800 JavaThread "jar transforms Thread 18" [_thread_blocked, id=9444, stack(0x0000000025960000,0x0000000025a60000)]
  0x000000002014c800 JavaThread "jar transforms Thread 17" [_thread_blocked, id=10412, stack(0x0000000025860000,0x0000000025960000)]
  0x0000000020149000 JavaThread "jar transforms Thread 16" [_thread_blocked, id=16128, stack(0x0000000025760000,0x0000000025860000)]
  0x000000002014c000 JavaThread "jar transforms Thread 15" [_thread_blocked, id=18548, stack(0x0000000025660000,0x0000000025760000)]
  0x000000002014b000 JavaThread "jar transforms Thread 14" [_thread_blocked, id=17664, stack(0x0000000025560000,0x0000000025660000)]
  0x000000002014a800 JavaThread "jar transforms Thread 13" [_thread_blocked, id=17240, stack(0x0000000025460000,0x0000000025560000)]
  0x0000000020149800 JavaThread "jar transforms Thread 12" [_thread_blocked, id=18944, stack(0x0000000025360000,0x0000000025460000)]
  0x000000002135d000 JavaThread "jar transforms Thread 11" [_thread_blocked, id=16900, stack(0x0000000025260000,0x0000000025360000)]
  0x000000002135c000 JavaThread "jar transforms Thread 10" [_thread_blocked, id=14592, stack(0x0000000025160000,0x0000000025260000)]
  0x000000002135b800 JavaThread "jar transforms Thread 9" [_thread_blocked, id=16500, stack(0x0000000025060000,0x0000000025160000)]
  0x0000000021359000 JavaThread "jar transforms Thread 8" [_thread_blocked, id=17252, stack(0x0000000024f60000,0x0000000025060000)]
  0x000000002135a000 JavaThread "jar transforms Thread 7" [_thread_blocked, id=6800, stack(0x0000000024e60000,0x0000000024f60000)]
  0x000000002135a800 JavaThread "jar transforms Thread 6" [_thread_blocked, id=18700, stack(0x0000000024d60000,0x0000000024e60000)]
  0x0000000021358800 JavaThread "jar transforms Thread 5" [_thread_blocked, id=11464, stack(0x0000000024c60000,0x0000000024d60000)]
  0x0000000021351000 JavaThread "jar transforms Thread 4" [_thread_blocked, id=13960, stack(0x0000000024b60000,0x0000000024c60000)]
  0x0000000021357800 JavaThread "jar transforms Thread 3" [_thread_blocked, id=16172, stack(0x0000000024a60000,0x0000000024b60000)]
  0x0000000021350000 JavaThread "jar transforms Thread 2" [_thread_blocked, id=6912, stack(0x0000000024960000,0x0000000024a60000)]
  0x0000000021357000 JavaThread "Build operations Thread 8" [_thread_blocked, id=3796, stack(0x0000000024760000,0x0000000024860000)]
  0x0000000021356000 JavaThread "Build operations Thread 7" [_thread_blocked, id=15460, stack(0x0000000024660000,0x0000000024760000)]
  0x0000000021355800 JavaThread "Build operations Thread 6" [_thread_blocked, id=18960, stack(0x0000000024560000,0x0000000024660000)]
  0x000000002134e000 JavaThread "Build operations Thread 5" [_thread_blocked, id=10672, stack(0x0000000024460000,0x0000000024560000)]
  0x0000000021354000 JavaThread "Build operations Thread 4" [_thread_blocked, id=17164, stack(0x0000000024360000,0x0000000024460000)]
  0x0000000021352800 JavaThread "Build operations Thread 3" [_thread_blocked, id=16012, stack(0x0000000024260000,0x0000000024360000)]
  0x0000000021351800 JavaThread "Build operations Thread 2" [_thread_blocked, id=17188, stack(0x0000000024160000,0x0000000024260000)]
  0x000000002134f800 JavaThread "Build operations" [_thread_blocked, id=4392, stack(0x0000000024060000,0x0000000024160000)]
  0x000000001c213800 JavaThread "Cache worker for file content cache (C:\Users\world\.gradle\caches\6.5\fileContent)" [_thread_blocked, id=2544, stack(0x0000000022990000,0x0000000022a90000)]
  0x000000001c219800 JavaThread "jar transforms" [_thread_blocked, id=15864, stack(0x00000000220a0000,0x00000000221a0000)]
  0x000000001c214800 JavaThread "Cache worker for execution history cache (C:\Users\world\.gradle\caches\6.5\executionHistory)" [_thread_blocked, id=13644, stack(0x0000000021fa0000,0x00000000220a0000)]
  0x000000001c218000 JavaThread "Cache worker for cache directory md-rule (C:\Users\world\.gradle\caches\6.5\md-rule)" [_thread_blocked, id=12512, stack(0x0000000021ea0000,0x0000000021fa0000)]
  0x000000001c216800 JavaThread "Cache worker for cache directory md-supplier (C:\Users\world\.gradle\caches\6.5\md-supplier)" [_thread_blocked, id=2404, stack(0x0000000020b50000,0x0000000020c50000)]
  0x000000001c216000 JavaThread "Cache worker for checksums cache (D:\Eshtery\.gradle\checksums)" [_thread_blocked, id=18028, stack(0x0000000020850000,0x0000000020950000)]
  0x000000001c215000 JavaThread "Cache worker for file hash cache (D:\Eshtery\.gradle\6.5\fileHashes)" [_thread_blocked, id=16396, stack(0x0000000022290000,0x0000000022390000)]
  0x000000001c213000 JavaThread "Cache worker for file hash cache (C:\Users\world\.gradle\caches\6.5\fileHashes)" [_thread_blocked, id=9604, stack(0x000000001e5b0000,0x000000001e6b0000)]
  0x000000001c217800 JavaThread "File lock request listener" [_thread_in_native, id=8952, stack(0x000000001e4b0000,0x000000001e5b0000)]
  0x000000001a637800 JavaThread "Cache worker for journal cache (C:\Users\world\.gradle\caches\journal-1)" [_thread_blocked, id=19096, stack(0x000000001e3b0000,0x000000001e4b0000)]
  0x000000001a6de000 JavaThread "Thread-9" [_thread_blocked, id=19092, stack(0x000000001e0b0000,0x000000001e1b0000)]
  0x000000001a64c800 JavaThread "Stdin handler" [_thread_blocked, id=13488, stack(0x000000001dfb0000,0x000000001e0b0000)]
  0x000000001a64a800 JavaThread "Asynchronous log dispatcher for DefaultDaemonConnection: socket connection from /127.0.0.1:56627 to /127.0.0.1:56628" [_thread_blocked, id=18656, stack(0x000000001deb0000,0x000000001dfb0000)]
  0x000000001a8bc800 JavaThread "Daemon worker" [_thread_in_Java, id=15376, stack(0x000000001ddb0000,0x000000001deb0000)]
  0x000000001a8f9800 JavaThread "Cancel handler" [_thread_blocked, id=12072, stack(0x000000001dcb0000,0x000000001ddb0000)]
  0x000000001c11b000 JavaThread "Handler for socket connection from /127.0.0.1:56627 to /127.0.0.1:56628" [_thread_in_native, id=7796, stack(0x000000001d9b0000,0x000000001dab0000)]
  0x000000001c118800 JavaThread "Daemon" [_thread_blocked, id=9228, stack(0x000000001d8b0000,0x000000001d9b0000)]
  0x000000001c0fa800 JavaThread "Daemon periodic checks" [_thread_blocked, id=8884, stack(0x000000001d7b0000,0x000000001d8b0000)]
  0x000000001c010800 JavaThread "Incoming local TCP Connector on port 56627" [_thread_in_native, id=14452, stack(0x000000001d570000,0x000000001d670000)]
  0x000000001bfcf000 JavaThread "Daemon health stats" [_thread_blocked, id=9712, stack(0x000000001cf30000,0x000000001d030000)]
  0x0000000019762000 JavaThread "Service Thread" daemon [_thread_blocked, id=17320, stack(0x000000001a390000,0x000000001a490000)]
  0x00000000196d1000 JavaThread "C1 CompilerThread3" daemon [_thread_in_vm, id=18652, stack(0x000000001a290000,0x000000001a390000)]
  0x00000000196ca000 JavaThread "C2 CompilerThread2" daemon [_thread_in_vm, id=3020, stack(0x000000001a190000,0x000000001a290000)]
=>0x00000000178cc000 JavaThread "C2 CompilerThread1" daemon [_thread_in_native, id=860, stack(0x000000001a090000,0x000000001a190000)]
  0x00000000178c9000 JavaThread "C2 CompilerThread0" daemon [_thread_in_native, id=3564, stack(0x0000000019f90000,0x000000001a090000)]
  0x00000000196c3800 JavaThread "Attach Listener" daemon [_thread_blocked, id=5720, stack(0x0000000019e90000,0x0000000019f90000)]
  0x00000000196c6000 JavaThread "Signal Dispatcher" daemon [_thread_blocked, id=17528, stack(0x0000000019d90000,0x0000000019e90000)]
  0x000000000284e000 JavaThread "Finalizer" daemon [_thread_blocked, id=19448, stack(0x0000000019b90000,0x0000000019c90000)]
  0x0000000002847000 JavaThread "Reference Handler" daemon [_thread_blocked, id=15104, stack(0x0000000019a90000,0x0000000019b90000)]
  0x00000000025ee000 JavaThread "main" [_thread_blocked, id=16632, stack(0x0000000002650000,0x0000000002750000)]

Other Threads:
  0x00000000178b6000 VMThread [stack: 0x0000000019590000,0x0000000019690000] [id=16764]
  0x00000000196e1800 WatcherThread [stack: 0x000000001a490000,0x000000001a590000] [id=17588]

VM state:not at safepoint (normal execution)

VM Mutex/Monitor currently owned by a thread: None

heap address: 0x0000000080000000, size: 2048 MB, Compressed Oops mode: 32-bit
Narrow klass base: 0x0000000000000000, Narrow klass shift: 3
Compressed class space size: 1073741824 Address: 0x0000000100000000

Heap:
 PSYoungGen      total 157184K, used 43575K [0x00000000d5580000, 0x00000000e0c00000, 0x0000000100000000)
  eden space 144896K, 23% used [0x00000000d5580000,0x00000000d762f378,0x00000000de300000)
  from space 12288K, 82% used [0x00000000de300000,0x00000000decde8b8,0x00000000def00000)
  to   space 12800K, 0% used [0x00000000def00000,0x00000000def00000,0x00000000dfb80000)
 ParOldGen       total 115200K, used 14227K [0x0000000080000000, 0x0000000087080000, 0x00000000d5580000)
  object space 115200K, 12% used [0x0000000080000000,0x0000000080de4d20,0x0000000087080000)
 Metaspace       used 44295K, capacity 46094K, committed 46376K, reserved 1089536K
  class space    used 6023K, capacity 6399K, committed 6448K, reserved 1048576K

Card table byte_map: [0x0000000011c10000,0x0000000012020000] byte_map_base: 0x0000000011810000

Marking Bits: (ParMarkBitMap*) 0x000000005b24f030
 Begin Bits: [0x0000000012ad0000, 0x0000000014ad0000)
 End Bits:   [0x0000000014ad0000, 0x0000000016ad0000)

Polling page: 0x0000000000d00000

CodeCache: size=245760Kb used=13568Kb max_used=13583Kb free=232191Kb
 bounds [0x0000000002850000, 0x00000000035a0000, 0x0000000011850000]
 total_blobs=4661 nmethods=3928 adapters=645
 compilation: enabled

Compilation events (10 events):
Event: 4.824 Thread 0x00000000196d1000 nmethod 3924 0x00000000035884d0 code [0x0000000003588620, 0x00000000035887f0]
Event: 4.824 Thread 0x00000000196d1000 3923       3       com.google.common.reflect.TypeResolver$TypeTable$1::resolveInternal (33 bytes)
Event: 4.824 Thread 0x00000000196d1000 nmethod 3923 0x000000000358bd50 code [0x000000000358bf00, 0x000000000358c3d8]
Event: 4.824 Thread 0x00000000196d1000 3926       3       com.google.common.collect.AbstractMapBasedMultimap::put (92 bytes)
Event: 4.825 Thread 0x00000000196d1000 nmethod 3926 0x000000000358b0d0 code [0x000000000358b2a0, 0x000000000358bab8]
Event: 4.827 Thread 0x00000000178c9000 nmethod 3922 0x00000000035926d0 code [0x0000000003592820, 0x0000000003592b58]
Event: 4.827 Thread 0x00000000178c9000 3925       4       java.lang.Integer::highestOneBit (38 bytes)
Event: 4.827 Thread 0x00000000178c9000 nmethod 3925 0x0000000003575510 code [0x0000000003575640, 0x00000000035756b8]
Event: 4.837 Thread 0x00000000178c9000 3927       4       java.lang.ClassNotFoundException::<init> (7 bytes)
Event: 4.839 Thread 0x00000000178c9000 nmethod 3927 0x0000000003592e50 code [0x0000000003592fa0, 0x0000000003593308]

GC Heap History (10 events):
Event: 2.871 GC heap before
{Heap before GC invocations=7 (full 1):
 PSYoungGen      total 56832K, used 49152K [0x00000000d5580000, 0x00000000dcb80000, 0x0000000100000000)
  eden space 49152K, 100% used [0x00000000d5580000,0x00000000d8580000,0x00000000d8580000)
  from space 7680K, 0% used [0x00000000d8580000,0x00000000d8580000,0x00000000d8d00000)
  to   space 11264K, 0% used [0x00000000dc080000,0x00000000dc080000,0x00000000dcb80000)
 ParOldGen       total 71680K, used 7441K [0x0000000080000000, 0x0000000084600000, 0x00000000d5580000)
  object space 71680K, 10% used [0x0000000080000000,0x0000000080744420,0x0000000084600000)
 Metaspace       used 25089K, capacity 25858K, committed 26160K, reserved 1071104K
  class space    used 3520K, capacity 3775K, committed 3888K, reserved 1048576K
Event: 2.875 GC heap after
Heap after GC invocations=7 (full 1):
 PSYoungGen      total 90624K, used 5449K [0x00000000d5580000, 0x00000000dc600000, 0x0000000100000000)
  eden space 84992K, 0% used [0x00000000d5580000,0x00000000d5580000,0x00000000da880000)
  from space 5632K, 96% used [0x00000000dc080000,0x00000000dc5d26e0,0x00000000dc600000)
  to   space 11264K, 0% used [0x00000000db000000,0x00000000db000000,0x00000000dbb00000)
 ParOldGen       total 71680K, used 7449K [0x0000000080000000, 0x0000000084600000, 0x00000000d5580000)
  object space 71680K, 10% used [0x0000000080000000,0x0000000080746420,0x0000000084600000)
 Metaspace       used 25089K, capacity 25858K, committed 26160K, reserved 1071104K
  class space    used 3520K, capacity 3775K, committed 3888K, reserved 1048576K
}
Event: 3.494 GC heap before
{Heap before GC invocations=8 (full 1):
 PSYoungGen      total 90624K, used 90441K [0x00000000d5580000, 0x00000000dc600000, 0x0000000100000000)
  eden space 84992K, 100% used [0x00000000d5580000,0x00000000da880000,0x00000000da880000)
  from space 5632K, 96% used [0x00000000dc080000,0x00000000dc5d26e0,0x00000000dc600000)
  to   space 11264K, 0% used [0x00000000db000000,0x00000000db000000,0x00000000dbb00000)
 ParOldGen       total 71680K, used 7449K [0x0000000080000000, 0x0000000084600000, 0x00000000d5580000)
  object space 71680K, 10% used [0x0000000080000000,0x0000000080746420,0x0000000084600000)
 Metaspace       used 33177K, capacity 34242K, committed 34608K, reserved 1079296K
  class space    used 4548K, capacity 4794K, committed 4912K, reserved 1048576K
Event: 3.503 GC heap after
Heap after GC invocations=8 (full 1):
 PSYoungGen      total 103936K, used 10960K [0x00000000d5580000, 0x00000000dfb80000, 0x0000000100000000)
  eden space 92672K, 0% used [0x00000000d5580000,0x00000000d5580000,0x00000000db000000)
  from space 11264K, 97% used [0x00000000db000000,0x00000000dbab4110,0x00000000dbb00000)
  to   space 12800K, 0% used [0x00000000def00000,0x00000000def00000,0x00000000dfb80000)
 ParOldGen       total 71680K, used 7457K [0x0000000080000000, 0x0000000084600000, 0x00000000d5580000)
  object space 71680K, 10% used [0x0000000080000000,0x0000000080748420,0x0000000084600000)
 Metaspace       used 33177K, capacity 34242K, committed 34608K, reserved 1079296K
  class space    used 4548K, capacity 4794K, committed 4912K, reserved 1048576K
}
Event: 3.638 GC heap before
{Heap before GC invocations=9 (full 1):
 PSYoungGen      total 103936K, used 35635K [0x00000000d5580000, 0x00000000dfb80000, 0x0000000100000000)
  eden space 92672K, 26% used [0x00000000d5580000,0x00000000d6d98d08,0x00000000db000000)
  from space 11264K, 97% used [0x00000000db000000,0x00000000dbab4110,0x00000000dbb00000)
  to   space 12800K, 0% used [0x00000000def00000,0x00000000def00000,0x00000000dfb80000)
 ParOldGen       total 71680K, used 7457K [0x0000000080000000, 0x0000000084600000, 0x00000000d5580000)
  object space 71680K, 10% used [0x0000000080000000,0x0000000080748420,0x0000000084600000)
 Metaspace       used 34323K, capacity 35404K, committed 35496K, reserved 1079296K
  class space    used 4726K, capacity 5003K, committed 5040K, reserved 1048576K
Event: 3.645 GC heap after
Heap after GC invocations=9 (full 1):
 PSYoungGen      total 157696K, used 7932K [0x00000000d5580000, 0x00000000e0c00000, 0x0000000100000000)
  eden space 144896K, 0% used [0x00000000d5580000,0x00000000d5580000,0x00000000de300000)
  from space 12800K, 61% used [0x00000000def00000,0x00000000df6bf370,0x00000000dfb80000)
  to   space 12288K, 0% used [0x00000000de300000,0x00000000de300000,0x00000000def00000)
 ParOldGen       total 71680K, used 7465K [0x0000000080000000, 0x0000000084600000, 0x00000000d5580000)
  object space 71680K, 10% used [0x0000000080000000,0x000000008074a420,0x0000000084600000)
 Metaspace       used 34323K, capacity 35404K, committed 35496K, reserved 1079296K
  class space    used 4726K, capacity 5003K, committed 5040K, reserved 1048576K
}
Event: 3.645 GC heap before
{Heap before GC invocations=10 (full 2):
 PSYoungGen      total 157696K, used 7932K [0x00000000d5580000, 0x00000000e0c00000, 0x0000000100000000)
  eden space 144896K, 0% used [0x00000000d5580000,0x00000000d5580000,0x00000000de300000)
  from space 12800K, 61% used [0x00000000def00000,0x00000000df6bf370,0x00000000dfb80000)
  to   space 12288K, 0% used [0x00000000de300000,0x00000000de300000,0x00000000def00000)
 ParOldGen       total 71680K, used 7465K [0x0000000080000000, 0x0000000084600000, 0x00000000d5580000)
  object space 71680K, 10% used [0x0000000080000000,0x000000008074a420,0x0000000084600000)
 Metaspace       used 34323K, capacity 35404K, committed 35496K, reserved 1079296K
  class space    used 4726K, capacity 5003K, committed 5040K, reserved 1048576K
Event: 3.737 GC heap after
Heap after GC invocations=10 (full 2):
 PSYoungGen      total 157696K, used 0K [0x00000000d5580000, 0x00000000e0c00000, 0x0000000100000000)
  eden space 144896K, 0% used [0x00000000d5580000,0x00000000d5580000,0x00000000de300000)
  from space 12800K, 0% used [0x00000000def00000,0x00000000def00000,0x00000000dfb80000)
  to   space 12288K, 0% used [0x00000000de300000,0x00000000de300000,0x00000000def00000)
 ParOldGen       total 115200K, used 14219K [0x0000000080000000, 0x0000000087080000, 0x00000000d5580000)
  object space 115200K, 12% used [0x0000000080000000,0x0000000080de2d20,0x0000000087080000)
 Metaspace       used 34323K, capacity 35404K, committed 35496K, reserved 1079296K
  class space    used 4726K, capacity 5003K, committed 5040K, reserved 1048576K
}
Event: 4.553 GC heap before
{Heap before GC invocations=11 (full 2):
 PSYoungGen      total 157696K, used 144896K [0x00000000d5580000, 0x00000000e0c00000, 0x0000000100000000)
  eden space 144896K, 100% used [0x00000000d5580000,0x00000000de300000,0x00000000de300000)
  from space 12800K, 0% used [0x00000000def00000,0x00000000def00000,0x00000000dfb80000)
  to   space 12288K, 0% used [0x00000000de300000,0x00000000de300000,0x00000000def00000)
 ParOldGen       total 115200K, used 14219K [0x0000000080000000, 0x0000000087080000, 0x00000000d5580000)
  object space 115200K, 12% used [0x0000000080000000,0x0000000080de2d20,0x0000000087080000)
 Metaspace       used 40016K, capacity 41878K, committed 42024K, reserved 1085440K
  class space    used 5536K, capacity 5923K, committed 5936K, reserved 1048576K
Event: 4.561 GC heap after
Heap after GC invocations=11 (full 2):
 PSYoungGen      total 157184K, used 10106K [0x00000000d5580000, 0x00000000e0c00000, 0x0000000100000000)
  eden space 144896K, 0% used [0x00000000d5580000,0x00000000d5580000,0x00000000de300000)
  from space 12288K, 82% used [0x00000000de300000,0x00000000decde8b8,0x00000000def00000)
  to   space 12800K, 0% used [0x00000000def00000,0x00000000def00000,0x00000000dfb80000)
 ParOldGen       total 115200K, used 14227K [0x0000000080000000, 0x0000000087080000, 0x00000000d5580000)
  object space 115200K, 12% used [0x0000000080000000,0x0000000080de4d20,0x0000000087080000)
 Metaspace       used 40016K, capacity 41878K, committed 42024K, reserved 1085440K
  class space    used 5536K, capacity 5923K, committed 5936K, reserved 1048576K
}

Deoptimization events (10 events):
Event: 4.271 Thread 0x000000001a8bc800 Uncommon trap: reason=bimorphic action=maybe_recompile pc=0x0000000003273400 method=java.lang.ClassLoader.getPackage(Ljava/lang/String;)Ljava/lang/Package; @ 47
Event: 4.396 Thread 0x000000001a8bc800 Uncommon trap: reason=unstable_if action=reinterpret pc=0x00000000033b117c method=java.io.BufferedInputStream.read([BII)I @ 56
Event: 4.441 Thread 0x000000001a8bc800 Uncommon trap: reason=bimorphic action=maybe_recompile pc=0x000000000312f688 method=java.util.AbstractCollection.addAll(Ljava/util/Collection;)Z @ 29
Event: 4.447 Thread 0x000000001a8bc800 Uncommon trap: reason=bimorphic action=maybe_recompile pc=0x000000000312f688 method=java.util.AbstractCollection.addAll(Ljava/util/Collection;)Z @ 29
Event: 4.631 Thread 0x000000001a8bc800 Uncommon trap: reason=unstable_if action=reinterpret pc=0x0000000003152f5c method=org.objectweb.asm.ByteVector.putUTF8(Ljava/lang/String;)Lorg/objectweb/asm/ByteVector; @ 93
Event: 4.636 Thread 0x000000001a8bc800 Uncommon trap: reason=unstable_if action=reinterpret pc=0x0000000002ef4568 method=org.objectweb.asm.ByteVector.putUTF8(Ljava/lang/String;)Lorg/objectweb/asm/ByteVector; @ 93
Event: 4.651 Thread 0x000000001a8bc800 Uncommon trap: reason=predicate action=maybe_recompile pc=0x000000000346dd44 method=java.util.Arrays.binarySearch0([Ljava/lang/Object;IILjava/lang/Object;Ljava/util/Comparator;)I @ 28
Event: 4.651 Thread 0x000000001a8bc800 Uncommon trap: reason=predicate action=maybe_recompile pc=0x0000000003448248 method=java.util.Arrays.binarySearch0([Ljava/lang/Object;IILjava/lang/Object;Ljava/util/Comparator;)I @ 28
Event: 4.788 Thread 0x000000001a8bc800 Uncommon trap: reason=unstable_if action=reinterpret pc=0x000000000353bacc method=java.util.concurrent.ConcurrentHashMap.addCount(JI)V @ 110
Event: 4.788 Thread 0x000000001a8bc800 Uncommon trap: reason=unstable_if action=reinterpret pc=0x000000000350b4ec method=java.util.concurrent.ConcurrentHashMap.addCount(JI)V @ 110

Classes redefined (0 events):
No events

Internal exceptions (10 events):
Event: 4.220 Thread 0x000000001a6de000 Exception <a 'java/lang/NoSuchMethodError': <clinit>> (0x00000000d7c71b88) thrown at [C:\src\AOSP-openjdk-git\hotspot\src\share\vm\prims\jni.cpp, line 1615]
Event: 4.221 Thread 0x000000001a6de000 Exception <a 'java/lang/NoSuchMethodError': <clinit>> (0x00000000d7c7bdf8) thrown at [C:\src\AOSP-openjdk-git\hotspot\src\share\vm\prims\jni.cpp, line 1615]
Event: 4.221 Thread 0x000000001a6de000 Exception <a 'java/lang/NoSuchMethodError': <clinit>> (0x00000000d7c86ec8) thrown at [C:\src\AOSP-openjdk-git\hotspot\src\share\vm\prims\jni.cpp, line 1615]
Event: 4.223 Thread 0x000000001a6de000 Exception <a 'java/lang/NoSuchMethodError': <clinit>> (0x00000000d7c9a2b0) thrown at [C:\src\AOSP-openjdk-git\hotspot\src\share\vm\prims\jni.cpp, line 1615]
Event: 4.251 Thread 0x000000001a8bc800 Exception <a 'java/lang/ClassNotFoundException': build_a820yge8sh7obpy6ru8h93y4vBeanInfo> (0x00000000dc320580) thrown at [C:\src\AOSP-openjdk-git\hotspot\src\share\vm\classfile\systemDictionary.cpp, line 210]
Event: 4.251 Thread 0x000000001a8bc800 Exception <a 'java/lang/ClassNotFoundException': build_a820yge8sh7obpy6ru8h93y4vCustomizer> (0x00000000dc32c1c0) thrown at [C:\src\AOSP-openjdk-git\hotspot\src\share\vm\classfile\systemDictionary.cpp, line 210]
Event: 4.258 Thread 0x000000001a8bc800 Exception <a 'java/lang/ClassNotFoundException': org/gradle/plugin/use/internal/PluginRequestCollector$PluginDependenciesSpecImplBeanInfo> (0x00000000dc3cbe30) thrown at [C:\src\AOSP-openjdk-git\hotspot\src\share\vm\classfile\systemDictionary.cpp, line 21
Event: 4.258 Thread 0x000000001a8bc800 Exception <a 'java/lang/ClassNotFoundException': org/gradle/plugin/use/internal/PluginRequestCollector$PluginDependenciesSpecImplCustomizer> (0x00000000dc40bd70) thrown at [C:\src\AOSP-openjdk-git\hotspot\src\share\vm\classfile\systemDictionary.cpp, line 
Event: 4.283 Thread 0x000000001a8bc800 Exception <a 'java/lang/ClassNotFoundException': org/gradle/api/internal/plugins/DefaultObjectConfigurationActionBeanInfo> (0x00000000dc6fbb70) thrown at [C:\src\AOSP-openjdk-git\hotspot\src\share\vm\classfile\systemDictionary.cpp, line 210]
Event: 4.284 Thread 0x000000001a8bc800 Exception <a 'java/lang/ClassNotFoundException': org/gradle/api/internal/plugins/DefaultObjectConfigurationActionCustomizer> (0x00000000dc73fed0) thrown at [C:\src\AOSP-openjdk-git\hotspot\src\share\vm\classfile\systemDictionary.cpp, line 210]

Events (10 events):
Event: 4.842 loading class com/android/build/api/artifact/impl/StorageProviderImpl$directory$1
Event: 4.842 loading class com/android/build/api/artifact/impl/StorageProviderImpl$directory$1 done
Event: 4.842 loading class org/gradle/api/file/ProjectLayout
Event: 4.842 loading class org/gradle/api/file/ProjectLayout done
Event: 4.842 loading class org/gradle/api/artifacts/Dependency
Event: 4.842 loading class org/gradle/api/artifacts/Dependency done
Event: 4.842 loading class org/gradle/api/internal/artifacts/configurations/DetachedConfigurationsProvider
Event: 4.842 loading class org/gradle/api/internal/artifacts/configurations/DetachedConfigurationsProvider done
Event: 4.842 loading class android/databinding/tool/DataBindingBuilder
Event: 4.842 loading class android/databinding/tool/DataBindingBuilder done


Dynamic libraries:
0x00007ff760220000 - 0x00007ff760251000 	C:\Program Files\Android\Android Studio\jre\bin\java.exe
0x00007ffd429c0000 - 0x00007ffd42bb0000 	C:\WINDOWS\SYSTEM32\ntdll.dll
0x00007ffd42210000 - 0x00007ffd422c2000 	C:\WINDOWS\System32\KERNEL32.DLL
0x00007ffd40110000 - 0x00007ffd403b5000 	C:\WINDOWS\System32\KERNELBASE.dll
0x00007ffd41410000 - 0x00007ffd414b3000 	C:\WINDOWS\System32\ADVAPI32.dll
0x00007ffd414d0000 - 0x00007ffd4156e000 	C:\WINDOWS\System32\msvcrt.dll
0x00007ffd42400000 - 0x00007ffd42497000 	C:\WINDOWS\System32\sechost.dll
0x00007ffd412c0000 - 0x00007ffd413df000 	C:\WINDOWS\System32\RPCRT4.dll
0x00007ffd41570000 - 0x00007ffd41704000 	C:\WINDOWS\System32\USER32.dll
0x00007ffd40a40000 - 0x00007ffd40a61000 	C:\WINDOWS\System32\win32u.dll
0x00007ffd413e0000 - 0x00007ffd41406000 	C:\WINDOWS\System32\GDI32.dll
0x00007ffd403c0000 - 0x00007ffd40558000 	C:\WINDOWS\System32\gdi32full.dll
0x00007ffd408c0000 - 0x00007ffd4095e000 	C:\WINDOWS\System32\msvcp_win.dll
0x00007ffd406b0000 - 0x00007ffd407aa000 	C:\WINDOWS\System32\ucrtbase.dll
0x00007ffd35620000 - 0x00007ffd358a4000 	C:\WINDOWS\WinSxS\amd64_microsoft.windows.common-controls_6595b64144ccf1df_6.0.18362.1316_none_9e7a364fe461dbd7\COMCTL32.dll
0x00007ffd41ed0000 - 0x00007ffd42207000 	C:\WINDOWS\System32\combase.dll
0x00007ffd40830000 - 0x00007ffd408b1000 	C:\WINDOWS\System32\bcryptPrimitives.dll
0x00007ffd41e90000 - 0x00007ffd41ebe000 	C:\WINDOWS\System32\IMM32.DLL
0x00000000594a0000 - 0x0000000059572000 	C:\Program Files\Android\Android Studio\jre\jre\bin\msvcr100.dll
0x000000005aa80000 - 0x000000005b2cb000 	C:\Program Files\Android\Android Studio\jre\jre\bin\server\jvm.dll
0x00007ffd414c0000 - 0x00007ffd414c8000 	C:\WINDOWS\System32\PSAPI.DLL
0x00007ffd31b30000 - 0x00007ffd31b39000 	C:\WINDOWS\SYSTEM32\WSOCK32.dll
0x00007ffd35150000 - 0x00007ffd35174000 	C:\WINDOWS\SYSTEM32\WINMM.dll
0x00007ffd39ac0000 - 0x00007ffd39aca000 	C:\WINDOWS\SYSTEM32\VERSION.dll
0x00007ffd42700000 - 0x00007ffd4276f000 	C:\WINDOWS\System32\WS2_32.dll
0x00007ffd34df0000 - 0x00007ffd34e1d000 	C:\WINDOWS\SYSTEM32\WINMMBASE.dll
0x00007ffd3f940000 - 0x00007ffd3f98a000 	C:\WINDOWS\System32\cfgmgr32.dll
0x00007ffd323b0000 - 0x00007ffd323bf000 	C:\Program Files\Android\Android Studio\jre\jre\bin\verify.dll
0x00007ffd11700000 - 0x00007ffd11729000 	C:\Program Files\Android\Android Studio\jre\jre\bin\java.dll
0x00007ffd145a0000 - 0x00007ffd145b6000 	C:\Program Files\Android\Android Studio\jre\jre\bin\zip.dll
0x00007ffd417a0000 - 0x00007ffd41e88000 	C:\WINDOWS\System32\SHELL32.dll
0x00007ffd42650000 - 0x00007ffd426f7000 	C:\WINDOWS\System32\shcore.dll
0x00007ffd3f990000 - 0x00007ffd4010b000 	C:\WINDOWS\System32\windows.storage.dll
0x00007ffd3f910000 - 0x00007ffd3f933000 	C:\WINDOWS\System32\profapi.dll
0x00007ffd3f8a0000 - 0x00007ffd3f8ea000 	C:\WINDOWS\System32\powrprof.dll
0x00007ffd3f870000 - 0x00007ffd3f880000 	C:\WINDOWS\System32\UMPDC.dll
0x00007ffd41740000 - 0x00007ffd41792000 	C:\WINDOWS\System32\shlwapi.dll
0x00007ffd3f8f0000 - 0x00007ffd3f901000 	C:\WINDOWS\System32\kernel.appcore.dll
0x00007ffd40810000 - 0x00007ffd40827000 	C:\WINDOWS\System32\cryptsp.dll
0x00007ffd12df0000 - 0x00007ffd12e0a000 	C:\Program Files\Android\Android Studio\jre\jre\bin\net.dll
0x00007ffd3f050000 - 0x00007ffd3f0b7000 	C:\WINDOWS\system32\mswsock.dll
0x00007ffd12cb0000 - 0x00007ffd12cc3000 	C:\Program Files\Android\Android Studio\jre\jre\bin\nio.dll
0x00007ffd3bda0000 - 0x00007ffd3bdc7000 	C:\Users\world\.gradle\native\f6784746aeab05261644944871eae4fe03e0ef1612fff0a4a95f87b438bc6780\windows-amd64\native-platform.dll
0x00007ffd323a0000 - 0x00007ffd323ad000 	C:\Program Files\Android\Android Studio\jre\jre\bin\management.dll
0x00007ffd3ebd0000 - 0x00007ffd3ec03000 	C:\WINDOWS\system32\rsaenh.dll
0x00007ffd40a10000 - 0x00007ffd40a36000 	C:\WINDOWS\System32\bcrypt.dll
0x00007ffd3f750000 - 0x00007ffd3f775000 	C:\WINDOWS\SYSTEM32\USERENV.dll
0x00007ffd3f220000 - 0x00007ffd3f22c000 	C:\WINDOWS\SYSTEM32\CRYPTBASE.dll
0x00007ffd3ed60000 - 0x00007ffd3ed9a000 	C:\WINDOWS\SYSTEM32\IPHLPAPI.DLL
0x00007ffd41710000 - 0x00007ffd41718000 	C:\WINDOWS\System32\NSI.dll
0x00007ffd38a80000 - 0x00007ffd38a96000 	C:\WINDOWS\SYSTEM32\dhcpcsvc6.DLL
0x00007ffd38bb0000 - 0x00007ffd38bcc000 	C:\WINDOWS\SYSTEM32\dhcpcsvc.DLL
0x00007ffd3eda0000 - 0x00007ffd3ee6b000 	C:\WINDOWS\SYSTEM32\DNSAPI.dll
0x00007ffd39b70000 - 0x00007ffd39b7b000 	C:\WINDOWS\SYSTEM32\WINNSI.DLL

VM Arguments:
jvm_args: -Xmx2048m -Dfile.encoding=UTF-8 -Duser.country=US -Duser.language=en -Duser.variant 
java_command: org.gradle.launcher.daemon.bootstrap.GradleDaemon 6.5
java_class_path (initial): C:\Users\world\.gradle\wrapper\dists\gradle-6.5-all\2oz4ud9k3tuxjg84bbf55q0tn\gradle-6.5\lib\gradle-launcher-6.5.jar
Launcher Type: SUN_STANDARD

Environment Variables:
PATH=C:\Program Files (x86)\Common Files\Oracle\Java\javapath;C:\Program Files\Common Files\Oracle\Java\javapath;C:\ProgramData\Oracle\Java\javapath;D:\app\world\product\11.2.0\dbhome_1\bin;c:\users\world\gcc\bin;c:\users\world\gcc\libexec\gcc\x86_64-w64-mingw32\9.1.0;C:\ActiveTcl\bin;C:\WINDOWS\system32;C:\WINDOWS;C:\WINDOWS\System32\Wbem;C:\WINDOWS\System32\WindowsPowerShell\v1.0\;C:\Program Files\dotnet\;C:\WINDOWS\System32\OpenSSH\;C:\Program Files\NVIDIA Corporation\NVIDIA NvDLISR;C:\Program Files (x86)\NVIDIA Corporation\PhysX\Common;C:\WINDOWS\system32;C:\WINDOWS;C:\WINDOWS\System32\Wbem;C:\WINDOWS\System32\WindowsPowerShell\v1.0\;C:\WINDOWS\System32\OpenSSH\;C:\Program Files (x86)\Rational\common;C:\Program Files\nodejs\;C:\Program Files\Git\cmd;C:\Users\world\AppData\Local\Microsoft\WindowsApps;C:\Users\world\AppData\Local\GitHubDesktop\bin;C:\Users\world\AppData\Roaming\npm;C:\Users\world\AppData\Local\Programs\Microsoft VS Code\bin
USERNAME=world
OS=Windows_NT
PROCESSOR_IDENTIFIER=Intel64 Family 6 Model 142 Stepping 10, GenuineIntel



---------------  S Y S T E M  ---------------

OS: Windows 10.0 , 64 bit Build 18362 (10.0.18362.1316)

CPU:total 8 (initial active 8) (4 cores per cpu, 2 threads per core) family 6 model 142 stepping 10, cmov, cx8, fxsr, mmx, sse, sse2, sse3, ssse3, sse4.1, sse4.2, popcnt, avx, avx2, aes, clmul, erms, 3dnowpref, lzcnt, ht, tsc, tscinvbit, bmi1, bmi2, adx

Memory: 4k page, physical 12412512k(3375408k free), swap 17631896k(4308k free)

vm_info: OpenJDK 64-Bit Server VM (25.242-b01) for windows-amd64 JRE (1.8.0_242-release-1644-b01), built by "builder" with MS VC++ 10.0 (VS2010)

time: Sat Mar 20 22:34:22 2021
timezone: Egypt Standard Time
elapsed time: 4 seconds (0d 0h 0m 4s)

